/home/blaaulas/tactician/benchmark-system/benchmark-supervisor.sh: line 59: [: : integer expression expected
find: ‘/home/blaaulas/tactician/builds/BXfxdvSU/_opam/.opam-switch/build’: No such file or directory
To github.com:coq-tactician/benchmark-data.git
   d74d156..d8c58d3  master -> master
slurmstepd: error: *** STEP 958221.0 ON node-08 CANCELLED AT 2021-01-16T19:15:51 ***
srun: Job step aborted: Waiting up to 32 seconds for job step to finish.
slurmstepd: error: *** JOB 958221 ON node-08 CANCELLED AT 2021-01-16T19:15:51 ***
find: ‘/home/blaaulas/tactician/builds/0YbpgLDF/_opam/.opam-switch/build’: No such file or directory
