[31m[ERROR][0m The compilation of coq-tactician-stdlib.8.11.dev failed at "make -j55".

[31m#===[0m [01mERROR[0m [01mwhile compiling coq-tactician-stdlib.8.11.dev[0m [31m======================#[0m
[33m#[0m [33mcontext[0m     2.1.2 | linux/x86_64 |  | https://coq.inria.fr/opam/extra-dev#2023-05-26 14:20
[33m#[0m [33mpath[0m        /lscratch/blaaulas/tactician.tmp.o8PALH/opam-root/bench/.opam-switch/build/coq-tactician-stdlib.8.11.dev
[33m#[0m [33mcommand[0m     /lscratch/blaaulas/tactician.tmp.o8PALH/opam-root/bench/bin/tactician exec -- make -j55
[33m#[0m [33mexit-code[0m   2
[33m#[0m [33menv-file[0m    /tmp/opam-xxx-11025/coq-tactician-stdlib-11025-36771a.env
[33m#[0m [33moutput-file[0m /tmp/opam-xxx-11025/coq-tactician-stdlib-11025-36771a.out
[33m### output ###
[0m[33m# [0m[...]
[33m# [0mcoqc user-contrib/Ltac2/Ltac2.v
[33m# [0mcoqc plugins/ssr/ssrbool.v
[33m# [0mFile "./theories/Classes/Morphisms.v", line 578, characters 2-3:
[33m# [0mError: Wrong bullet -: No more subgoals.
[33m# [0m
[33m# [0mcoqc theories/Classes/CEquivalence.v
[33m# [0mmake: *** [theories/Classes/Morphisms.vo] Error 1
[33m# [0mmake: *** Waiting for unfinished jobs....
[33m# [0mmake: *** [theories/Logic/PropExtensionalityFacts.vo] Segmentation fault (core dumped)
[33m# [0mmake: *** [theories/Logic/PropExtensionalityFacts.vo] Deleting file `theories/Logic/PropExtensionalityFacts.glob'
[33m# [0mmake: *** [theories/Logic/Decidable.vo] Segmentation fault (core dumped)
[33m# [0mmake: *** [theories/Logic/Decidable.vo] Deleting file `theories/Logic/Decidable.glob'

2023-06-05 19:50:12.609946+02:00 Error Rpc_parallel: (monitor.ml.Error ("OpamStd.OpamSys.Exit(31)")
  ("Raised at Base__Result.ok_exn in file \"src/result.ml\", line 201, characters 17-26"
    "Called from Async_kernel__Deferred1.M.map.(fun) in file \"src/deferred1.ml\", line 17, characters 40-45"
    "Called from Async_kernel__Job_queue.run_jobs in file \"src/job_queue.ml\", line 167, characters 6-47")) ... Shutting down.
tactician-benchmark: error: node-04: task 0: Exited with exit code 254
Abnormal exit code for build worker on host node-04.cluster. Code: 254