[ERROR] The compilation of coq-tactician-stdlib.8.11.dev failed at "make -j55".

#=== ERROR while compiling coq-tactician-stdlib.8.11.dev ======================#
# context              2.1.2 | linux/x86_64 |  | https://coq.inria.fr/opam/extra-dev#2022-03-07 19:00
# path                 /lscratch/blaaulas/tactician-benchmark.tmp.4DUeuL/opam-root/bench/.opam-switch/build/coq-tactician-stdlib.8.11.dev
# command              /lscratch/blaaulas/tactician-benchmark.tmp.4DUeuL/opam-root/bench/bin/tactician exec -- make -j55
# exit-code            2
# env-file             /tmp/opam-xxx-10660/coq-tactician-stdlib-10663-b41cd2.env
# output-file          /tmp/opam-xxx-10660/coq-tactician-stdlib-10663-b41cd2.out
### output ###
# [...]
# coqdep
# patching
# coqc theories/Init/Notations.v
# coqc theories/Init/Logic.v
# File "./theories/Init/Logic.v", line 888, characters 0-8:
# Warning: Removed file ./theories/Init/Logic.vo
# Error:
# Anomaly
# "Uncaught exception Invalid_argument("output_value: functional value")."
# Please report at http://coq.inria.fr/bugs/.
# 
# make: *** [theories/Init/Logic.vo] Error 129

2022-03-07 23:35:34.340256+01:00 Error Rpc_parallel: (monitor.ml.Error ("OpamStd.OpamSys.Exit(31)")
  ("Raised at Base__Result.ok_exn in file \"src/result.ml\", line 201, characters 17-26"
    "Called from Async_kernel__Deferred1.M.map.(fun) in file \"src/deferred1.ml\", line 17, characters 40-45"
    "Called from Async_kernel__Job_queue.run_jobs in file \"src/job_queue.ml\", line 167, characters 6-47")) ... Shutting down.
Abnormal exit code for build worker on host node-03.cluster. Code: 254