  Running command git clone --filter=blob:none --quiet https://github.com/IBM/graph2tac.git /tmp/pip-req-build-kn_h9eqr
  Running command git rev-parse -q --verify 'sha^8480cf1f7a10bbf66ce6312a74f7578015c4b44d'
  Running command git fetch -q https://github.com/IBM/graph2tac.git 8480cf1f7a10bbf66ce6312a74f7578015c4b44d
  Running command git checkout -q 8480cf1f7a10bbf66ce6312a74f7578015c4b44d
  DEPRECATION: graph2tac is being installed using the legacy 'setup.py install' method, because it does not have a 'pyproject.toml' and the 'wheel' package is not installed. pip 23.1 will enforce this behaviour change. A possible replacement is to enable the '--use-pep517' option. Discussion can be found at https://github.com/pypa/pip/issues/8559

[notice] A new release of pip available: 22.3.1 -> 23.0.1
[notice] To update, run: pip install --upgrade pip
[ERROR] The compilation of coq-high-school-geometry.8.12.0 failed at "make -j55".

#=== ERROR while compiling coq-high-school-geometry.8.12.0 ====================#
# context              2.1.4 | linux/x86_64 |  | https://coq.inria.fr/opam/released#2023-03-01 19:20
# path                 /tmp/tactician.tmp.eG8ODf/opam-root/bench/.opam-switch/build/coq-high-school-geometry.8.12.0
# command              /tmp/tactician.tmp.eG8ODf/opam-root/bench/bin/tactician exec -- make -j55
# exit-code            2
# env-file             /tmp/opam-root-1996731/coq-high-school-geometry-1996731-2c1531.env
# output-file          /tmp/opam-root-1996731/coq-high-school-geometry-1996731-2c1531.out
### output ###
# [...]
# COQC Plans_paralleles.v
# COQC Plan_espace.v
# COQC distance_euclidienne.v
# COQC orthogonalite_espace.v
# COQC repere_ortho_plan.v
# COQC euclidien_classiques.v
# COQC exercice_espace.v
# make[2]: *** [Makefile.coq:678: repere_ortho_plan.vo] Segmentation fault (core dumped)
# make[2]: *** Waiting for unfinished jobs....
# make[1]: *** [Makefile.coq:327: all] Error 2
# make[1]: Leaving directory '/tmp/tactician.tmp.eG8ODf/opam-root/bench/.opam-switch/build/coq-high-school-geometry.8.12.0'
# make: *** [Makefile:2: all] Error 2

2023-03-03 16:02:54.295503-05:00 Error Rpc_parallel: (monitor.ml.Error ("OpamStd.OpamSys.Exit(31)")
  ("Raised at Base__Result.ok_exn in file \"src/result.ml\", line 201, characters 17-26"
    "Called from Async_kernel__Deferred1.M.map.(fun) in file \"src/deferred1.ml\", line 17, characters 40-45"
    "Called from Async_kernel__Job_queue.run_jobs in file \"src/job_queue.ml\", line 167, characters 6-47")) ... Shutting down.
Abnormal exit code for build worker on host cccxc450. Code: 254