[ERROR] The compilation of coq.8.11+beta1 failed at "make -j15".

#=== ERROR while compiling coq.8.11+beta1 =====================================#
# context              2.1.2 | linux/x86_64 |  | https://coq.inria.fr/opam/core-dev#2022-05-05 17:20
# path                 /tmp/tactician-benchmark.tmp.BCm7Yz/opam-root/bench/.opam-switch/build/coq.8.11+beta1
# command              /usr/bin/make -j15
# exit-code            2
# env-file             /tmp/opam-lasse-78497/coq-78499-7cdc57.env
# output-file          /tmp/opam-lasse-78497/coq-78499-7cdc57.out
### output ###
# [...]
# /usr/bin/ld: /tmp/tactician-benchmark.tmp.BCm7Yz/opam-root/bench/.opam-switch/build/coq.8.11+beta1/kernel/byterun/coq_interp.c:1147: undefined reference to `caml_young_limit'
# OCAMLC    user-contrib/Ltac2/tac2print.mli
# OCAMLC    pretyping/cases.mli
# collect2: error: ld returned 1 exit status
# [1mFile "caml_startup", line 1[0m:
# [1;31mError[0m: Error during linking (exit code 1)
# make[1]: *** [Makefile.build:573: bin/votour] Error 2
# make[1]: *** Waiting for unfinished jobs....
# OCAMLC    pretyping/unification.mli
# OCAMLC    interp/constrintern.mli
# make[1]: Leaving directory '/tmp/tactician-benchmark.tmp.BCm7Yz/opam-root/bench/.opam-switch/build/coq.8.11+beta1'
# make: *** [Makefile:179: submake] Error 2

