  Running command git clone --filter=blob:none --quiet 'ssh://****@github.com/pestun/ibm-graph2tac.git' /tmp/pip-req-build-ofedf0um
  Running command git rev-parse -q --verify 'sha^4a48b7961c4e2bdf1d71afb2ed1d4f0d85f103e5'
  Running command git fetch -q 'ssh://****@github.com/pestun/ibm-graph2tac.git' 4a48b7961c4e2bdf1d71afb2ed1d4f0d85f103e5
  Running command git checkout -q 4a48b7961c4e2bdf1d71afb2ed1d4f0d85f103e5

[notice] A new release of pip available: 22.2.1 -> 22.3
[notice] To update, run: pip install --upgrade pip
[ERROR] The compilation of conf-gmp.4 failed at "sh -exc cc -c $CFLAGS -I/usr/local/include test.c".
[ERROR] The compilation of mirage-crypto-rng.0.10.7 failed at "dune build -p mirage-crypto-rng -j 127".

#=== ERROR while compiling mirage-crypto-rng.0.10.7 ===========================#
# context              2.1.3 | linux/x86_64 |  | https://opam.ocaml.org#1e266435
# path                 /tmp/tactician.tmp.QIhbgt/opam-root/bench/.opam-switch/build/mirage-crypto-rng.0.10.7
# command              /tmp/tactician.tmp.QIhbgt/opam-root/bench/bin/dune build -p mirage-crypto-rng -j 127
# exit-code            1
# env-file             /tmp/opam-root-3618661/mirage-crypto-rng-3618661-b54f11.env
# output-file          /tmp/opam-root-3618661/mirage-crypto-rng-3618661-b54f11.out
### output ###
# [...]
# mc_getrandom_stubs.c:14:45: error: 'SYS_getrandom' undeclared (first use in this function); did you mean 'raw_getrandom'?
#    14 | # define getrandom(buf, len, flags) syscall(SYS_getrandom, (buf), (len), (flags))
#       |                                             ^~~~~~~~~~~~~
# mc_getrandom_stubs.c:23:9: note: in expansion of macro 'getrandom'
#    23 |     r = getrandom(data + off, len - off, 0);
#       |         ^~~~~~~~~
# mc_getrandom_stubs.c:14:45: note: each undeclared identifier is reported only once for each function it appears in
#    14 | # define getrandom(buf, len, flags) syscall(SYS_getrandom, (buf), (len), (flags))
#       |                                             ^~~~~~~~~~~~~
# mc_getrandom_stubs.c:23:9: note: in expansion of macro 'getrandom'
#    23 |     r = getrandom(data + off, len - off, 0);
#       |         ^~~~~~~~~


#=== ERROR while compiling conf-gmp.4 =========================================#
# context              2.1.3 | linux/x86_64 |  | https://opam.ocaml.org#1e266435
# path                 /tmp/tactician.tmp.QIhbgt/opam-root/bench/.opam-switch/build/conf-gmp.4
# command              /usr/bin/sh -exc cc -c $CFLAGS -I/usr/local/include test.c
# exit-code            1
# env-file             /tmp/opam-root-3618661/conf-gmp-3618661-c558b2.env
# output-file          /tmp/opam-root-3618661/conf-gmp-3618661-c558b2.out
### output ###
# + cc -c -I/usr/local/include test.c
# test.c:1:10: fatal error: gmp.h: No such file or directory
#     1 | #include <gmp.h>
#       |          ^~~~~~~
# compilation terminated.

