[31m[ERROR][0m The compilation of coq-tactician-stdlib.8.11.dev failed at "make -j55".

[31m#===[0m [01mERROR[0m [01mwhile compiling coq-tactician-stdlib.8.11.dev[0m [31m======================#[0m
[33m#[0m [33mcontext[0m     2.1.2 | linux/x86_64 |  | https://coq.inria.fr/opam/extra-dev#2022-07-16 09:20
[33m#[0m [33mpath[0m        /lscratch/blaaulas/tactician.tmp.EZ2OFm/opam-root/bench/.opam-switch/build/coq-tactician-stdlib.8.11.dev
[33m#[0m [33mcommand[0m     /lscratch/blaaulas/tactician.tmp.EZ2OFm/opam-root/bench/bin/tactician exec -- make -j55
[33m#[0m [33mexit-code[0m   2
[33m#[0m [33menv-file[0m    /tmp/opam-xxx-53938/coq-tactician-stdlib-53938-4f46b9.env
[33m#[0m [33moutput-file[0m /tmp/opam-xxx-53938/coq-tactician-stdlib-53938-4f46b9.out
[33m### output ###
[0m[33m# [0m[...]
[33m# [0mmake: *** [plugins/setoid_ring/Ncring_polynom.vo] Killed
[33m# [0mmake: *** [plugins/setoid_ring/Ncring_polynom.vo] Deleting file `plugins/setoid_ring/Ncring_polynom.glob'
[33m# [0mmake: *** Waiting for unfinished jobs....
[33m# [0mFile "./theories/FSets/FSetPositive.v", line 319, characters 9-25:
[33m# [0mWarning:
[33m# [0mTactician found a bug in it's tactical decomposition. Please report.
[33m# [0mintros s x y ->
[33m# [0mintros s;
[33m# [0m (intros x;
[33m# [0m   (intros y;
[33m# [0m     (intros _tmp_tactician0; (intropattern subst -> _tmp_tactician0; idtac))))
[33m# [0m

2022-07-17 09:49:48.085570+02:00 Error Rpc_parallel: (monitor.ml.Error ("OpamStd.OpamSys.Exit(31)")
  ("Raised at Base__Result.ok_exn in file \"src/result.ml\", line 201, characters 17-26"
    "Called from Async_kernel__Deferred1.M.map.(fun) in file \"src/deferred1.ml\", line 17, characters 40-45"
    "Called from Async_kernel__Job_queue.run_jobs in file \"src/job_queue.ml\", line 167, characters 6-47")) ... Shutting down.
slurmstepd: error: Detected 1 oom-kill event(s) in step 1908459.0 cgroup. Some of your processes may have been killed by the cgroup out-of-memory handler.
tactician-benchmark: error: node-06: task 0: Out Of Memory
Abnormal exit code for build worker on host node-06.cluster. Code: 1