[ERROR] The compilation of coq.8.11.dev failed at "make -j15".

#=== ERROR while compiling coq.8.11.dev =======================================#
# context              2.1.2 | linux/x86_64 |  | git+ssh://git@github.com/LasseBlaauwbroek/custom-archive.git
# path                 ~/benchmarks/cache/opam-root/bench/.opam-switch/build/coq.8.11.dev
# command              /usr/bin/make -j15
# exit-code            2
# env-file             /tmp/opam-fidels-511212/coq-511212-6cdb78.env
# output-file          /tmp/opam-fidels-511212/coq-511212-6cdb78.out
### output ###
# [...]
# COQC      theories/Numbers/Cyclic/Int31/Cyclic31.v
# COQC      theories/Numbers/Cyclic/Abstract/NZCyclic.v
# COQC      plugins/btauto/Reflect.v
# COQC      theories/FSets/FMapFullAVL.v
# COQC      plugins/setoid_ring/Ncring_initial.v
# COQC      theories/MSets/MSets.v
# COQC      plugins/btauto/Btauto.v
# make[1]: *** [Makefile.build:874: theories/Numbers/Cyclic/Int31/Cyclic31.vo] Segmentation fault (core dumped)
# make[1]: *** [theories/Numbers/Cyclic/Int31/Cyclic31.vo] Deleting file 'theories/Numbers/Cyclic/Int31/Cyclic31.glob'
# make[1]: *** Waiting for unfinished jobs....
# make[1]: Leaving directory '/home/fidels/benchmarks/cache/opam-root/bench/.opam-switch/build/coq.8.11.dev'
# make: *** [Makefile:177: submake] Error 2

