[31m[ERROR][0m The compilation of xxhash.0.1 failed at "ocaml setup.ml -build".

[31m#===[0m [01mERROR[0m [01mwhile compiling xxhash.0.1[0m [31m=========================================#[0m
[33m#[0m [33mcontext[0m     2.1.2 | linux/x86_64 |  | https://opam.ocaml.org#0e89b5b0
[33m#[0m [33mpath[0m        /lscratch/blaaulas/tmp-oracle/opam-root/bench/.opam-switch/build/xxhash.0.1
[33m#[0m [33mcommand[0m     /lscratch/blaaulas/tmp-oracle/opam-root/bench/bin/ocaml setup.ml -build
[33m#[0m [33mexit-code[0m   1
[33m#[0m [33menv-file[0m    /tmp/opam-xxx-37425/xxhash-37425-7686f5.env
[33m#[0m [33moutput-file[0m /tmp/opam-xxx-37425/xxhash-37425-7686f5.out
[33m### output ###
[0m[33m# [0m[...]
[33m# [0m/lscratch/blaaulas/tmp-oracle/opam-root/bench/bin/ocamlfind ocamlopt -c -g -annot -bin-annot -package ctypes.stubs -I stubs -o stubs/xxhash_bindings.cmx stubs/xxhash_bindings.ml
[33m# [0m/lscratch/blaaulas/tmp-oracle/opam-root/bench/bin/ocamlfind ocamlopt -c -g -annot -bin-annot -package ctypes.stubs -I stubs -o stubs/xxhash_stubgen.cmx stubs/xxhash_stubgen.ml
[33m# [0m/lscratch/blaaulas/tmp-oracle/opam-root/bench/bin/ocamlfind ocamlopt -g -linkpkg -package ctypes.stubs -I stubs stubs/xxhash_bindings.cmx stubs/xxhash_stubgen.cmx -o stubs/xxhash_stubgen.native
[33m# [0mstubs/xxhash_stubgen.native
[33m# [0m/lscratch/blaaulas/tmp-oracle/opam-root/bench/bin/ocamlfind ocamlc -g -package ctypes.stubs -c lib/xxhash_stubs.c
[33m# [0m+ /lscratch/blaaulas/tmp-oracle/opam-root/bench/bin/ocamlfind ocamlc -g -package ctypes.stubs -c lib/xxhash_stubs.c
[33m# [0mlib/xxhash_stubs.c:1:10: fatal error: xxhash.h: No such file or directory
[33m# [0m    1 | #include <xxhash.h>
[33m# [0m      |          ^~~~~~~~~~
[33m# [0mcompilation terminated.
[33m# [0mCommand exited with code 2.
[33m# [0mE: Failure("Command ''/lscratch/blaaulas/tmp-oracle/opam-root/bench/bin/ocamlbuild' stubs/xxhash_stubgen.native lib/libxxhash_stubs.a lib/dllxxhash_stubs.so lib/xxhash.cma lib/xxhash.cmxa lib/xxhash.a lib/xxhash.cmxs -tag debug' terminated with error code 10")

