[31m[ERROR][0m The installation of coq-tree-calculus failed at "make install".

[31m#===[0m [01mERROR[0m [01mwhile installing coq-tree-calculus.1.0.0[0m [31m===========================#[0m
[33m#[0m [33mcontext[0m     2.1.2 | linux/x86_64 |  | https://coq.inria.fr/opam/released#2022-09-03 11:10
[33m#[0m [33mpath[0m        /tmp/tactician.tmp.e6eo5D/opam-root/bench/.opam-switch/build/coq-tree-calculus.1.0.0
[33m#[0m [33mcommand[0m     /usr/bin/make install
[33m#[0m [33mexit-code[0m   2
[33m#[0m [33menv-file[0m    /tmp/opam-xxx-39505/coq-tree-calculus-39505-6d0419.env
[33m#[0m [33moutput-file[0m /tmp/opam-xxx-39505/coq-tree-calculus-39505-6d0419.out
[33m### output ###
[0m[33m# [0m[...]
[33m# [0minstall: cannot create directory â€˜/Usersâ€™: Permission denied
[33m# [0minstall: cannot create directory â€˜/Usersâ€™: Permission denied
[33m# [0minstall: cannot create directory â€˜/Usersâ€™: Permission denied
[33m# [0minstall: cannot create directory â€˜/Usersâ€™: Permission denied
[33m# [0minstall: cannot create directory â€˜/Usersâ€™: Permission denied
[33m# [0minstall: cannot create directory â€˜/Usersâ€™: Permission denied
[33m# [0minstall: cannot create directory â€˜/Usersâ€™: Permission denied
[33m# [0minstall: cannot create directory â€˜/Usersâ€™: Permission denied
[33m# [0minstall: cannot create directory â€˜/Usersâ€™: Permission denied
[33m# [0minstall: cannot create directory â€˜/Usersâ€™: Permission denied
[33m# [0minstall: cannot create directory â€˜/Usersâ€™: Permission denied
[33m# [0mmake: *** [install] Error 1

2022-09-05 11:44:00.721411+02:00 Error Rpc_parallel: (monitor.ml.Error ("OpamStd.OpamSys.Exit(31)")
  ("Raised at Base__Result.ok_exn in file \"src/result.ml\", line 201, characters 17-26"
    "Called from Async_kernel__Deferred1.M.map.(fun) in file \"src/deferred1.ml\", line 17, characters 40-45"
    "Called from Async_kernel__Job_queue.run_jobs in file \"src/job_queue.ml\", line 167, characters 6-47")) ... Shutting down.
tactician-benchmark: error: dgx-2: task 0: Exited with exit code 254
Abnormal exit code for build worker on host dgx-2.cluster. Code: 254