[1;34m[NOTE][0m Requirement for system package ruby overridden in this switch. Use `opam
       option depext-bypass-=ruby' to revert.
[1;34m[NOTE][0m Requirement for system package libtool overridden in this switch. Use
       `opam option depext-bypass-=libtool' to revert.
[1;34m[NOTE][0m Package coq-coqprime-generator is already installed (current version is
       1.1.1).
[1;34m[NOTE][0m Package coq-tactician-stdlib is already installed (current version is
       8.16.dev).
[31m[ERROR][0m The compilation of bonak.dev failed at "dune build".
[31m[ERROR][0m The compilation of coq-mathcomp-algebra-tactics.1.0.0 failed at "make
        -j55".
[31m[ERROR][0m The compilation of coq-prosa.0.5 failed at "make -j55".
[31m[ERROR][0m The compilation of coq-fiat-crypto.0.0.17 failed at "make -j55
        EXTERNAL_DEPENDENCIES=1 SKIP_COQSCRIPTS_INCLUDE=1 coq
        standalone-ocaml".
[31m[ERROR][0m The compilation of coq-metacoq-safechecker.1.1.1+8.16 failed at "make
        -j 55 -C safechecker".

[31m#===[0m [01mERROR[0m [01mwhile compiling coq-prosa.0.5[0m [31m======================================#[0m
[33m#[0m [33mcontext[0m     2.1.2 | linux/x86_64 |  | https://coq.inria.fr/opam/released#2023-01-25 09:10
[33m#[0m [33mpath[0m        /lscratch/blaaulas/tactician.tmp.0vRmpW/opam-root/bench/.opam-switch/build/coq-prosa.0.5
[33m#[0m [33mcommand[0m     /lscratch/blaaulas/tactician.tmp.0vRmpW/opam-root/bench/bin/tactician exec -- make -j55
[33m#[0m [33mexit-code[0m   2
[33m#[0m [33menv-file[0m    /tmp/opam-xxx-50271/coq-prosa-50271-12a777.env
[33m#[0m [33moutput-file[0m /tmp/opam-xxx-50271/coq-prosa-50271-12a777.out
[33m### output ###
[0m[33m# [0m[...]
[33m# [0m/lscratch/blaaulas/tactician.tmp.0vRmpW/opam-root/bench/lib/coq/user-contrib/mathcomp/word/ssrZ.vo and
[33m# [0m/lscratch/blaaulas/tactician.tmp.0vRmpW/opam-root/bench/lib/coq/user-contrib/mathcomp/zify/ssrZ.vo).
[33m# [0m
[33m# [0mFile "./util/nondecreasing.v", line 826, characters 8-65:
[33m# [0mWarning:
[33m# [0mTactician detected a printing/parsing problem for the following tactic. destruct xs as [| x2 xs], ys as [| y2 ys] Please report.
[33m# [0mFile "./util/nondecreasing.v", line 837, characters 8-65:
[33m# [0mWarning:
[33m# [0mTactician detected a printing/parsing problem for the following tactic. destruct xs as [| x3 xs], ys as [| y3 ys] Please report.
[33m# [0mmake[1]: *** [model/priority/gel.vo] Error 1
[33m# [0mmake[1]: *** Waiting for unfinished jobs....
[33m# [0mmake: *** [all] Error 2


[31m#===[0m [01mERROR[0m [01mwhile compiling coq-metacoq-safechecker.1.1.1+8.16[0m [31m=================#[0m
[33m#[0m [33mcontext[0m     2.1.2 | linux/x86_64 |  | https://coq.inria.fr/opam/released#2023-01-25 09:10
[33m#[0m [33mpath[0m        /lscratch/blaaulas/tactician.tmp.0vRmpW/opam-root/bench/.opam-switch/build/coq-metacoq-safechecker.1.1.1+8.16
[33m#[0m [33mcommand[0m     /lscratch/blaaulas/tactician.tmp.0vRmpW/opam-root/bench/bin/tactician exec -- make -j 55 -C safechecker
[33m#[0m [33mexit-code[0m   2
[33m#[0m [33menv-file[0m    /tmp/opam-xxx-50271/coq-metacoq-safechecker-50271-a33375.env
[33m#[0m [33moutput-file[0m /tmp/opam-xxx-50271/coq-metacoq-safechecker-50271-a33375.out
[33m### output ###
[0m[33m# [0m[...]
[33m# [0mCOQC theories/PCUICWfEnvImpl.v
[33m# [0mFile "./theories/PCUICSafeReduce.v", line 1818, characters 0-11:
[33m# [0mError:
[33m# [0mAnomaly
[33m# [0m"File "kernel/cooking.ml", line 143, characters 15-21: Assertion failed."
[33m# [0mPlease report at http://coq.inria.fr/bugs/.
[33m# [0m
[33m# [0mmake[2]: *** [theories/PCUICSafeReduce.vo] Error 129
[33m# [0mmake[1]: *** [all] Error 2
[33m# [0mmake[1]: Leaving directory `/lscratch/blaaulas/tactician.tmp.0vRmpW/opam-root/bench/.opam-switch/build/coq-metacoq-safechecker.1.1.1+8.16/safechecker'
[33m# [0mmake: *** [theory] Error 2
[33m# [0mmake: Leaving directory `/lscratch/blaaulas/tactician.tmp.0vRmpW/opam-root/bench/.opam-switch/build/coq-metacoq-safechecker.1.1.1+8.16/safechecker'


[31m#===[0m [01mERROR[0m [01mwhile compiling coq-mathcomp-algebra-tactics.1.0.0[0m [31m=================#[0m
[33m#[0m [33mcontext[0m     2.1.2 | linux/x86_64 |  | https://coq.inria.fr/opam/released#2023-01-25 09:10
[33m#[0m [33mpath[0m        /lscratch/blaaulas/tactician.tmp.0vRmpW/opam-root/bench/.opam-switch/build/coq-mathcomp-algebra-tactics.1.0.0
[33m#[0m [33mcommand[0m     /lscratch/blaaulas/tactician.tmp.0vRmpW/opam-root/bench/bin/tactician exec -- make -j55
[33m#[0m [33mexit-code[0m   2
[33m#[0m [33menv-file[0m    /tmp/opam-xxx-50271/coq-mathcomp-algebra-tactics-50271-825938.env
[33m#[0m [33moutput-file[0m /tmp/opam-xxx-50271/coq-mathcomp-algebra-tactics-50271-825938.out
[33m### output ###
[0m[33m# [0m[...]
[33m# [0mWarning:
[33m# [0mNew coercion path [GRing.Pred.subring_smul; GRing.Pred.smul_mul] : GRing.Pred.subring >-> GRing.Pred.mul is ambiguous with existing 
[33m# [0m[GRing.Pred.subring_semi; GRing.Pred.semiring_mul] : GRing.Pred.subring >-> GRing.Pred.mul.
[33m# [0m[ambiguous-paths,typechecker]
[33m# [0mFile "./theories/ring.v", line 5, characters 0-39:
[33m# [0mError: Required library ssrZ matches several files in path (found
[33m# [0m/lscratch/blaaulas/tactician.tmp.0vRmpW/opam-root/bench/lib/coq/user-contrib/mathcomp/word/ssrZ.vo and
[33m# [0m/lscratch/blaaulas/tactician.tmp.0vRmpW/opam-root/bench/lib/coq/user-contrib/mathcomp/zify/ssrZ.vo).
[33m# [0m
[33m# [0mmake[2]: *** [theories/ring.vo] Error 1
[33m# [0mmake[1]: *** [all] Error 2
[33m# [0mmake: *** [invoke-coqmakefile] Error 2


[31m#===[0m [01mERROR[0m [01mwhile compiling coq-fiat-crypto.0.0.17[0m [31m=============================#[0m
[33m#[0m [33mcontext[0m     2.1.2 | linux/x86_64 |  | https://coq.inria.fr/opam/released#2023-01-25 09:10
[33m#[0m [33mpath[0m        /lscratch/blaaulas/tactician.tmp.0vRmpW/opam-root/bench/.opam-switch/build/coq-fiat-crypto.0.0.17
[33m#[0m [33mcommand[0m     /lscratch/blaaulas/tactician.tmp.0vRmpW/opam-root/bench/bin/tactician exec -- make -j55 EXTERNAL_DEPENDENCIES=1 SKIP_COQSCRIPTS_INCLUDE=1 coq standalone-ocaml
[33m#[0m [33mexit-code[0m   2
[33m#[0m [33menv-file[0m    /tmp/opam-xxx-50271/coq-fiat-crypto-50271-95f5d4.env
[33m#[0m [33moutput-file[0m /tmp/opam-xxx-50271/coq-fiat-crypto-50271-95f5d4.out
[33m### output ###
[0m[33m# [0m[...]
[33m# [0mWarning: native_compute disabled at configure time; falling back to
[33m# [0mvm_compute. [native-compute-disabled,native-compiler]
[33m# [0mFinished transaction in 2.103 secs (2.098u,0.005s) (successful)
[33m# [0mFinished transaction in 0. secs (0.u,0.s) (successful)
[33m# [0mFinished transaction in 18.939 secs (18.782u,0.151s) (successful)
[33m# [0mFinished transaction in 6.733 secs (6.587u,0.146s) (successful)
[33m# [0mFinished transaction in 0. secs (0.u,0.s) (successful)
[33m# [0mFinished transaction in 0. secs (0.u,0.s) (successful)
[33m# [0mFinished transaction in 1.553 secs (1.549u,0.004s) (successful)
[33m# [0mFile "./src/Fancy/Compiler.v", line 973, characters 6-512:
[33m# [0mWarning: The proof has remaining shelved goals
[33m# [0m[remaining-shelved-goals,tactics]


[31m#===[0m [01mERROR[0m [01mwhile compiling bonak.dev[0m [31m==========================================#[0m
[33m#[0m [33mcontext[0m     2.1.2 | linux/x86_64 |  | https://coq.inria.fr/opam/extra-dev#2023-01-25 09:10
[33m#[0m [33mpath[0m        /lscratch/blaaulas/tactician.tmp.0vRmpW/opam-root/bench/.opam-switch/build/bonak.dev
[33m#[0m [33mcommand[0m     /lscratch/blaaulas/tactician.tmp.0vRmpW/opam-root/bench/bin/tactician exec -- dune build
[33m#[0m [33mexit-code[0m   1
[33m#[0m [33menv-file[0m    /tmp/opam-xxx-50271/bonak-50271-acd6c2.env
[33m#[0m [33moutput-file[0m /tmp/opam-xxx-50271/bonak-50271-acd6c2.out
[33m### output ###
[0m[33m# [0mFile "./theories/Î½Type/Î½Type.v", line 472, characters 59-66:
[33m# [0mError: c is used in conclusion.
[33m# [0m

2023-01-25 12:51:17.246763+01:00 Error Rpc_parallel: (monitor.ml.Error ("OpamStd.OpamSys.Exit(31)")
  ("Raised at Base__Result.ok_exn in file \"src/result.ml\", line 201, characters 17-26"
    "Called from Async_kernel__Deferred1.M.map.(fun) in file \"src/deferred1.ml\", line 17, characters 40-45"
    "Called from Async_kernel__Job_queue.run_jobs in file \"src/job_queue.ml\", line 167, characters 6-47")) ... Shutting down.
tactician-benchmark: error: node-11: task 0: Exited with exit code 254
Abnormal exit code for build worker on host node-11.cluster. Code: 254