  Running command git clone --filter=blob:none --quiet https://github.com/IBM/graph2tac.git /tmp/pip-req-build-bgcypr9z
  Running command git rev-parse -q --verify 'sha^9072c927953120c9ffddab81adae7ca0193d8869'
  Running command git fetch -q https://github.com/IBM/graph2tac.git 9072c927953120c9ffddab81adae7ca0193d8869
  DEPRECATION: graph2tac is being installed using the legacy 'setup.py install' method, because it does not have a 'pyproject.toml' and the 'wheel' package is not installed. pip 23.1 will enforce this behaviour change. A possible replacement is to enable the '--use-pep517' option. Discussion can be found at https://github.com/pypa/pip/issues/8559

[notice] A new release of pip available: 22.3.1 -> 23.0.1
[notice] To update, run: pip install --upgrade pip
[ERROR] The compilation of coq.8.11.dev failed at "make -j127".

#=== ERROR while compiling coq.8.11.dev =======================================#
# context              2.1.4 | linux/x86_64 |  | git+ssh://git@github.com/LasseBlaauwbroek/custom-archive.git
# path                 /tmp/tactician.tmp.1ARcU0/opam-root/bench/.opam-switch/build/coq.8.11.dev
# command              /dccstor/mathzero/miniconda3/bin/make -j127
# exit-code            2
# env-file             /tmp/opam-root-3421564/coq-3421564-a0f5be.env
# output-file          /tmp/opam-root-3421564/coq-3421564-a0f5be.out
### output ###
# [...]
# COQC      theories/MSets/MSetToFiniteSet.v
# COQC      theories/Numbers/Cyclic/Abstract/CyclicAxioms.v
# COQC      theories/QArith/Qpower.v
# COQC      theories/Numbers/Cyclic/Int63/Int63.v
# COQC      theories/MSets/MSetEqProperties.v
# COQC      theories/FSets/FSets.v
# COQC      theories/FSets/FMapFullAVL.v
# make[1]: *** [Makefile.build:874: plugins/btauto/Algebra.vo] Segmentation fault (core dumped)
# make[1]: *** [plugins/btauto/Algebra.vo] Deleting file 'plugins/btauto/Algebra.glob'
# make[1]: *** Waiting for unfinished jobs....
# make[1]: Leaving directory '/tmp/tactician.tmp.1ARcU0/opam-root/bench/.opam-switch/build/coq.8.11.dev'
# make: *** [Makefile:177: submake] Error 2

