[31m[ERROR][0m The compilation of coq-mathcomp-finmap.dev failed at "make -j55".
[31m[ERROR][0m The compilation of coq-mathcomp-real-closed.dev failed at "make -j55".

[31m#===[0m [01mERROR[0m [01mwhile compiling coq-mathcomp-real-closed.dev[0m [31m=======================#[0m
[33m#[0m [33mcontext[0m     2.1.2 | linux/x86_64 |  | https://coq.inria.fr/opam/extra-dev#2023-03-29 21:20
[33m#[0m [33mpath[0m        /lscratch/blaaulas/tactician.tmp.0XMMHv/opam-root/bench/.opam-switch/build/coq-mathcomp-real-closed.dev
[33m#[0m [33mcommand[0m     /lscratch/blaaulas/tactician.tmp.0XMMHv/opam-root/bench/bin/tactician exec -- make -j55
[33m#[0m [33mexit-code[0m   2
[33m#[0m [33menv-file[0m    /tmp/opam-xxx-22852/coq-mathcomp-real-closed-22852-9eb9da.env
[33m#[0m [33moutput-file[0m /tmp/opam-xxx-22852/coq-mathcomp-real-closed-22852-9eb9da.out
[33m### output ###
[0m[33m# [0m[...]
[33m# [0mCOQC theories/ordered_qelim.v
[33m# [0mCOQC theories/mxtens.v
[33m# [0mCOQC theories/polyrcf.v
[33m# [0mCOQC theories/cauchyreals.v
[33m# [0mFile "./theories/cauchyreals.v", line 471, characters 17-21:
[33m# [0mError:
[33m# [0mSyntax error: ',' or 'at' or [constr_as_binder_kind] or [syntax_extension_type] expected after identifier (in [syntax_modifier]).
[33m# [0m
[33m# [0mmake[2]: *** [theories/cauchyreals.vo] Error 1
[33m# [0mmake[2]: *** Waiting for unfinished jobs....
[33m# [0mmake[1]: *** [all] Error 2
[33m# [0mmake: *** [invoke-coqmakefile] Error 2


[31m#===[0m [01mERROR[0m [01mwhile compiling coq-mathcomp-finmap.dev[0m [31m============================#[0m
[33m#[0m [33mcontext[0m     2.1.2 | linux/x86_64 |  | https://coq.inria.fr/opam/extra-dev#2023-03-29 21:20
[33m#[0m [33mpath[0m        /lscratch/blaaulas/tactician.tmp.0XMMHv/opam-root/bench/.opam-switch/build/coq-mathcomp-finmap.dev
[33m#[0m [33mcommand[0m     /lscratch/blaaulas/tactician.tmp.0XMMHv/opam-root/bench/bin/tactician exec -- make -j55
[33m#[0m [33mexit-code[0m   2
[33m#[0m [33menv-file[0m    /tmp/opam-xxx-22852/coq-mathcomp-finmap-22852-de7697.env
[33m#[0m [33moutput-file[0m /tmp/opam-xxx-22852/coq-mathcomp-finmap-22852-de7697.out
[33m### output ###
[0m[33m# [0m[...]
[33m# [0mmake[1]: Leaving directory `/lscratch/blaaulas/tactician.tmp.0XMMHv/opam-root/bench/.opam-switch/build/coq-mathcomp-finmap.dev'
[33m# [0mmake[1]: Entering directory `/lscratch/blaaulas/tactician.tmp.0XMMHv/opam-root/bench/.opam-switch/build/coq-mathcomp-finmap.dev'
[33m# [0mCOQC finmap.v
[33m# [0mCOQC set.v
[33m# [0mFile "./finmap.v", line 2911, characters 17-21:
[33m# [0mError:
[33m# [0mSyntax error: ',' or 'at' or [constr_as_binder_kind] or [syntax_extension_type] expected after identifier (in [syntax_modifier]).
[33m# [0m
[33m# [0mmake[2]: *** [finmap.vo] Error 1
[33m# [0mmake[1]: *** [all] Error 2
[33m# [0mmake[1]: Leaving directory `/lscratch/blaaulas/tactician.tmp.0XMMHv/opam-root/bench/.opam-switch/build/coq-mathcomp-finmap.dev'
[33m# [0mmake: *** [this-build] Error 2

2023-03-30 13:21:29.059807+02:00 Error Rpc_parallel: (monitor.ml.Error ("OpamStd.OpamSys.Exit(31)")
  ("Raised at Base__Result.ok_exn in file \"src/result.ml\", line 201, characters 17-26"
    "Called from Async_kernel__Deferred1.M.map.(fun) in file \"src/deferred1.ml\", line 17, characters 40-45"
    "Called from Async_kernel__Job_queue.run_jobs in file \"src/job_queue.ml\", line 167, characters 6-47")) ... Shutting down.
tactician-benchmark: error: node-09: task 0: Exited with exit code 254
Abnormal exit code for build worker on host node-09.cluster. Code: 254