  Running command git clone -q 'ssh://****@github.com/JellePiepenbrock/graph2tac.git' /tmp/pip-req-build-4wslut3r
  Running command git rev-parse -q --verify 'sha^c371a448a419450dbb4f9d10e7e1a91779e4c59c'
  Running command git fetch -q 'ssh://****@github.com/JellePiepenbrock/graph2tac.git' c371a448a419450dbb4f9d10e7e1a91779e4c59c
  Running command git checkout -q c371a448a419450dbb4f9d10e7e1a91779e4c59c
WARNING: You are using pip version 21.2.3; however, version 22.3.1 is available.
You should consider upgrading via the '/lscratch/piepejel/target-source/venv/bin/python3 -m pip install --upgrade pip' command.
[ERROR] The compilation of coq-tactician-stdlib.8.11.dev failed at "make -j79".

#=== ERROR while compiling coq-tactician-stdlib.8.11.dev ======================#
# context              2.1.4 | linux/x86_64 |  | https://coq.inria.fr/opam/extra-dev#2023-01-11 10:30
# path                 /lscratch/piepejel/opam-root/bench/.opam-switch/build/coq-tactician-stdlib.8.11.dev
# command              /lscratch/piepejel/opam-root/bench/bin/tactician exec -- make -j79
# exit-code            2
# env-file             /tmp/opam-xxx-4672/coq-tactician-stdlib-4672-17e323.env
# output-file          /tmp/opam-xxx-4672/coq-tactician-stdlib-4672-17e323.out
### output ###
# intros s;
# [...]
# 
# coqc theories/FSets/FSetFacts.v
# coqc theories/MSets/MSetFacts.v
# coqc theories/FSets/FMapFacts.v
# coqc theories/Numbers/DecimalZ.v
# coqc theories/QArith/QArith.v
# make: *** [plugins/micromega/ZCoeff.vo] Killed
# make: *** [plugins/micromega/ZCoeff.vo] Deleting file `plugins/micromega/ZCoeff.glob'
# make: *** Waiting for unfinished jobs....
# make: *** [theories/FSets/FMapPositive.vo] Killed
# make: *** [theories/FSets/FMapPositive.vo] Deleting file `theories/FSets/FMapPositive.glob'

2023-01-12 11:54:52.462056+01:00 Error Rpc_parallel: (monitor.ml.Error ("OpamStd.OpamSys.Exit(31)")
  ("Raised at Base__Result.ok_exn in file \"src/result.ml\", line 201, characters 17-26"
    "Called from Async_kernel__Deferred1.M.map.(fun) in file \"src/deferred1.ml\", line 17, characters 40-45"
    "Called from Async_kernel__Job_queue.run_jobs in file \"src/job_queue.ml\", line 167, characters 6-47")) ... Shutting down.
Abnormal exit code for build worker on host dgx-3.cluster. Code: 254