[1;34m[NOTE][0m Requirement for system package ruby overridden in this switch. Use `opam
       option depext-bypass-=ruby' to revert.
[1;34m[NOTE][0m Requirement for system package libtool overridden in this switch. Use
       `opam option depext-bypass-=libtool' to revert.
[1;34m[NOTE][0m Package coq-io-system-ocaml is already installed (current version is
       2.3.1).
[1;34m[NOTE][0m Package coq-coqprime-generator is already installed (current version is
       1.1.1).
[1;34m[NOTE][0m Package coq-tactician-stdlib is already installed (current version is
       8.15.dev).
[33m[WARNING][0m Git submodule update failed in
          /lscratch/blaaulas/tactician.tmp.y4DjkZ/opam-root/bench/.opam-switch/sources/bonak.dev
[31m[ERROR][0m The compilation of coq-relation-algebra.1.7.7 failed at "make -j55".

[31m#===[0m [01mERROR[0m [01mwhile compiling coq-relation-algebra.1.7.7[0m [31m=========================#[0m
[33m#[0m [33mcontext[0m     2.1.2 | linux/x86_64 |  | https://coq.inria.fr/opam/released#2022-09-13 10:00
[33m#[0m [33mpath[0m        /lscratch/blaaulas/tactician.tmp.y4DjkZ/opam-root/bench/.opam-switch/build/coq-relation-algebra.1.7.7
[33m#[0m [33mcommand[0m     /lscratch/blaaulas/tactician.tmp.y4DjkZ/opam-root/bench/bin/tactician exec -- make -j55
[33m#[0m [33mexit-code[0m   2
[33m#[0m [33menv-file[0m    /tmp/opam-xxx-47613/coq-relation-algebra-47613-1f8298.env
[33m#[0m [33moutput-file[0m /tmp/opam-xxx-47613/coq-relation-algebra-47613-1f8298.out
[33m### output ###
[0m[33m# [0m[...]
[33m# [0mCOQC all.v
[33m# [0mCOQC paterson.v
[33m# [0mFile "./fhrel.v", line 271, characters 0-46:
[33m# [0mWarning: fhrel_pred does not respect the uniform inheritance condition
[33m# [0m[uniform-inheritance,typechecker]
[33m# [0mFile "./fhrel.v", line 414, characters 50-53:
[33m# [0mError: Anomaly "Unexpected vernac ast during Tactician side-effect inlining"
[33m# [0mPlease report at http://coq.inria.fr/bugs/.
[33m# [0m
[33m# [0mmake[1]: *** [fhrel.vo] Error 129
[33m# [0mmake[1]: *** Waiting for unfinished jobs....
[33m# [0mmake: *** [all] Error 2

2022-09-14 02:34:56.760293+02:00 Error Rpc_parallel: (monitor.ml.Error ("OpamStd.OpamSys.Exit(31)")
  ("Raised at Base__Result.ok_exn in file \"src/result.ml\", line 201, characters 17-26"
    "Called from Async_kernel__Deferred1.M.map.(fun) in file \"src/deferred1.ml\", line 17, characters 40-45"
    "Called from Async_kernel__Job_queue.run_jobs in file \"src/job_queue.ml\", line 167, characters 6-47")) ... Shutting down.
tactician-benchmark: error: node-02: task 0: Exited with exit code 254
Abnormal exit code for build worker on host node-02.cluster. Code: 254