[31m[ERROR][0m The compilation of coq-stdlib.dev failed at "dune build -p coq-stdlib
        -j 55 --promote-install-files=false @install".

[31m#===[0m [01mERROR[0m [01mwhile compiling coq-stdlib.dev[0m [31m=====================================#[0m
[33m#[0m [33mcontext[0m     2.1.2 | linux/x86_64 |  | https://coq.inria.fr/opam/core-dev#2024-04-11 13:35
[33m#[0m [33mpath[0m        /lscratch/blaaulas/tactician.tmp.PPqb1u/opam-root/bench/.opam-switch/build/coq-stdlib.dev
[33m#[0m [33mcommand[0m     /lscratch/blaaulas/tactician.tmp.PPqb1u/opam-root/bench/bin/tactician exec -- dune build -p coq-stdlib -j 55 --promote-install-files=false @install
[33m#[0m [33mexit-code[0m   1
[33m#[0m [33menv-file[0m    /tmp/opam-xxx-34988/coq-stdlib-34988-defa67.env
[33m#[0m [33moutput-file[0m /tmp/opam-xxx-34988/coq-stdlib-34988-defa67.out
[33m### output ###
[0m[33m# [0m(cd _build/default && /lscratch/blaaulas/tactician.tmp.PPqb1u/opam-root/bench/.opam-switch/build/coq-stdlib.dev/tactician_path_950d68/coqc -noinit -boot -R theories Coq -I /lscratch/blaaulas/tactician.tmp.PPqb1u/opam-root/bench/lib/coq-core/plugins/number_string_notation -I /lscratch/blaaulas/tactician.tmp.PPqb1u/opam-root/bench/lib/coq-core/plugins/zify -I /lscratch/blaaulas/tactician.tmp.PP[...]
[33m# [0mFile "./theories/Init/Logic.v", line 186, characters 2-3:
[33m# [0mError: Syntax error: illegal begin of vernac.
[33m# [0m

2024-04-11 19:04:56.427955+02:00 Error Rpc_parallel: (monitor.ml.Error ("OpamStd.OpamSys.Exit(31)")
  ("Raised at Base__Result.ok_exn in file \"src/result.ml\", line 201, characters 17-26"
    "Called from Async_kernel__Deferred1.M.map.(fun) in file \"src/deferred1.ml\", line 17, characters 40-45"
    "Called from Async_kernel__Job_queue.run_jobs in file \"src/job_queue.ml\", line 167, characters 6-47")) ... Shutting down.
tactician-benchmark: error: node-06: task 0: Exited with exit code 254
Abnormal exit code for build worker on host node-06.cluster. Code: 254