[NOTE] Will configure from built-in defaults.
[NOTE] Repository coq-released has been added to the selections of switch /tmp/tactician-J5nzqL only.
       Run `opam repository add coq-released --all-switches|--set-default' to use it in all existing switches, or in newly created switches, respectively.

[NOTE] Repository coq-extra-dev has been added to the selections of switch /tmp/tactician-J5nzqL only.
       Run `opam repository add coq-extra-dev --all-switches|--set-default' to use it in all existing switches, or in newly created switches, respectively.

[NOTE] Repository coq-core-dev has been added to the selections of switch /tmp/tactician-J5nzqL only.
       Run `opam repository add coq-core-dev --all-switches|--set-default' to use it in all existing switches, or in newly created switches, respectively.

[ERROR] The compilation of coq-tactician-stdlib failed at "/tmp/tactician-J5nzqL/_opam/lib/coq-tactician/with-tactician make -j55".

#=== ERROR while compiling coq-tactician-stdlib.8.11.dev ======================#
# context              2.0.3 | linux/x86_64 |  | https://coq.inria.fr/opam/extra-dev#2021-01-14 15:30
# path                 /tmp/tactician-J5nzqL/_opam/.opam-switch/build/coq-tactician-stdlib.8.11.dev
# command              /tmp/tactician-J5nzqL/_opam/lib/coq-tactician/with-tactician make -j55
# exit-code            2
# env-file             /tmp/tactician-J5nzqL/.opam/log/coq-tactician-stdlib-46050-865888.env
# output-file          /tmp/tactician-J5nzqL/.opam/log/coq-tactician-stdlib-46050-865888.out
### output ###
# [...]
# File "./theories/Logic/Hurkens.v", line 659, characters 2-20:
# Warning: Tactician has uncovered a bug. Please report. 
# make: *** [theories/Classes/Init.vo] Error 1
# make: *** Waiting for unfinished jobs....
# coqc theories/Unicode/Utf8.v
# File "./theories/Logic/Hurkens.v", line 712, characters 2-51:
# Warning: Tactician has uncovered a bug. Please report. 
# File "./theories/NArith/BinNatDef.v", line 35, characters 18-19:
# Error:
# The term "1" has type "nat" while it is expected to have type "positive".
# 
# make: *** [theories/NArith/BinNatDef.vo] Error 1

'opam install --verbose --jobs=8 --yes --keep-build-dir coq-tactician-stdlib.8.11.dev' failed.
srun: error: node-05: task 0: Exited with exit code 31
