[ERROR] The compilation of coq.8.11.dev failed at "make -j55".

#=== ERROR while compiling coq.8.11.dev =======================================#
# context              2.1.2 | linux/x86_64 |  | git+ssh://git@github.com/LasseBlaauwbroek/custom-archive.git
# path                 /tmp/jrute/buildcache/opam-root/bench/.opam-switch/build/coq.8.11.dev
# command              /usr/bin/make -j55
# exit-code            2
# env-file             /tmp/opam-root-1659072/coq-1659074-278a9c.env
# output-file          /tmp/opam-root-1659072/coq-1659074-278a9c.out
### output ###
# [...]
# COQC      plugins/btauto/Reflect.v
# COQC      plugins/setoid_ring/Ncring_initial.v
# COQC      plugins/btauto/Btauto.v
# COQC      theories/Reals/ConstructiveCauchyRealsMult.v
# COQC      theories/Floats/PrimFloat.v
# COQC      theories/Numbers/Cyclic/Int63/Cyclic63.v
# COQC      plugins/extraction/ExtrOCamlInt63.v
# make[1]: *** [Makefile.build:876: theories/Numbers/Cyclic/Int31/Cyclic31.vo] Segmentation fault (core dumped)
# make[1]: *** [theories/Numbers/Cyclic/Int31/Cyclic31.vo] Deleting file 'theories/Numbers/Cyclic/Int31/Cyclic31.glob'
# make[1]: *** Waiting for unfinished jobs....
# make[1]: Leaving directory '/tmp/jrute/buildcache/opam-root/bench/.opam-switch/build/coq.8.11.dev'
# make: *** [Makefile:177: submake] Error 2

