[31m[ERROR][0m The compilation of coq-compcert.3.11 failed at "./configure amd64-linux
        -prefix /lscratch/blaaulas/tactician.tmp.mmPjor/opam-root/bench
        -install-coqdev -clightgen -use-external-Flocq -use-external-MenhirLib
        -coqdevdir
        /lscratch/blaaulas/tactician.tmp.mmPjor/opam-root/bench/lib/coq/user-contrib/compcert
        -ignore-coq-version".

[31m#===[0m [01mERROR[0m [01mwhile compiling coq-compcert.3.11[0m [31m==================================#[0m
[33m#[0m [33mcontext[0m     2.1.2 | linux/x86_64 |  | https://coq.inria.fr/opam/released#2022-09-13 10:00
[33m#[0m [33mpath[0m        /lscratch/blaaulas/tactician.tmp.mmPjor/opam-root/bench/.opam-switch/build/coq-compcert.3.11
[33m#[0m [33mcommand[0m     /lscratch/blaaulas/tactician.tmp.mmPjor/opam-root/bench/bin/tactician exec -- ./configure amd64-linux -prefix /lscratch/blaaulas/tactician.tmp.mmPjor/opam-root/bench -install-coqdev -clightgen -use-external-Flocq -use-external-MenhirLib -coqdevdir /lscratch/blaaulas/tactician.tmp.mmPjor/opam-root/bench/lib/coq/user-contrib/compcert -ignore-coq-version
[33m#[0m [33mexit-code[0m   2
[33m#[0m [33menv-file[0m    /tmp/opam-xxx-10456/coq-compcert-10456-efbb8a.env
[33m#[0m [33moutput-file[0m /tmp/opam-xxx-10456/coq-compcert-10456-efbb8a.out
[33m### output ###
[0m[33m# [0mTesting assembler support for CFI directives... yes
[33m# [0mTesting linker support for '-no-pie' / '-nopie' option... yes, '-no-pie'
[33m# [0mTesting Coq... version 8.15.2 -- good!
[33m# [0mTesting OCaml... version 4.14.0 -- good!
[33m# [0mTesting OCaml native-code compiler... yes
[33m# [0mTesting OCaml .opt compilers... yes
[33m# [0mTesting Menhir... NOT FOUND
[33m# [0mError: make sure Menhir version 20190626 or later is installed.
[33m# [0mTesting GNU make... version 3.82 (command 'make') -- good!
[33m# [0mOne or several required tools are missing or too old.  Aborting.

2022-09-13 15:22:43.360553+02:00 Error Rpc_parallel: (monitor.ml.Error ("OpamStd.OpamSys.Exit(31)")
  ("Raised at Base__Result.ok_exn in file \"src/result.ml\", line 201, characters 17-26"
    "Called from Async_kernel__Deferred1.M.map.(fun) in file \"src/deferred1.ml\", line 17, characters 40-45"
    "Called from Async_kernel__Job_queue.run_jobs in file \"src/job_queue.ml\", line 167, characters 6-47")) ... Shutting down.
tactician-benchmark: error: node-03: task 0: Exited with exit code 254
Abnormal exit code for build worker on host node-03.cluster. Code: 254