[NOTE] coq-wigderson.1.0 is not installed.

[NOTE] Package coq-hammer is currently pinned to git+ssh://git@github.com/LasseBlaauwbroek/coqhammer#c3d9caafba0138d6d302398b2d18d0ba72496a88 (version 8.17.dev).
[NOTE] Package coq-hammer-tactics is currently pinned to git+https://github.com/LasseBlaauwbroek/coqhammer.git#faca5b64a50fb242fb8b402b7b9a5be0dd0b0a45 (version 8.17.dev).
[NOTE] Package opam-client is already installed (current version is 2.2.1).
[NOTE] Package opam-solver is already installed (current version is 2.2.1).
[NOTE] While removing coq-tactician.dev: not removing non-empty directories:
         - share/coq-tactician/plugins
         - lib/coq/user-contrib

[ERROR] The compilation of coq-wigderson.1.0 failed at "make -j15".

#=== ERROR while compiling coq-wigderson.1.0 ==================================#
# context              2.2.1 | linux/x86_64 |  | git+ssh://git@github.com/LasseBlaauwbroek/custom-archive.git
# path                 ~/Documents/Projects/Tactician/benchmark-system/tmp-scratch/opam-root/bench/.opam-switch/build/coq-wigderson.1.0
# command              ~/Documents/Projects/Tactician/benchmark-system/tmp-scratch/opam-root/bench/bin/tactician exec -- make -j15
# exit-code            2
# env-file             ~/Documents/Projects/Tactician/benchmark-system/tmp-scratch/opam-root/log/coq-wigderson-169982-9880ee.env
# output-file          ~/Documents/Projects/Tactician/benchmark-system/tmp-scratch/opam-root/log/coq-wigderson-169982-9880ee.out
### output ###
# S.remove
# [...]
# S.elements
#      : S.t -> list S.elt
# File "./graph.v", line 259, characters 8-10:
# Error:
# Syntax error: [ltac_use_default_hack] expected after [tactic] (in [vernac:tactician_ltac1_mode]).
# 
# make[2]: *** [Makefile.coq:830: graph.vo] Error 1
# make[2]: *** [graph.vo] Deleting file 'graph.glob'
# make[1]: *** [Makefile.coq:409: all] Error 2
# make[1]: Leaving directory '/home/lasse/Documents/Projects/Tactician/benchmark-system/tmp-scratch/opam-root/bench/.opam-switch/build/coq-wigderson.1.0'
# make: *** [Makefile:2: all] Error 2

2024-11-01 21:26:10.475178+01:00 Error Rpc_parallel: (monitor.ml.Error ("OpamStd.OpamSys.Exit(31)")
  ("Raised at Base__Result.ok_exn in file \"src/result.ml\", line 251, characters 17-26"
    "Called from Async_kernel__Deferred1.M.map.(fun) in file \"src/deferred1.ml\", line 17, characters 40-45"
    "Called from Async_kernel__Job_queue.run_jobs in file \"src/job_queue.ml\", line 180, characters 6-47")) ... Shutting down.
Abnormal exit code for build worker on host lasse-work. Code: 254