[31m[ERROR][0m The compilation of coq.8.14+rc1 failed at "make -j55".

[31m#===[0m [01mERROR[0m [01mwhile compiling coq.8.14+rc1[0m [31m=======================================#[0m
[33m#[0m [33mcontext[0m     2.1.2 | linux/x86_64 |  | https://coq.inria.fr/opam/core-dev#2022-12-19 20:50
[33m#[0m [33mpath[0m        /lscratch/blaaulas/tactician.tmp.2qEYko/opam-root/bench/.opam-switch/build/coq.8.14+rc1
[33m#[0m [33mcommand[0m     /usr/bin/make -j55
[33m#[0m [33mexit-code[0m   2
[33m#[0m [33menv-file[0m    /tmp/opam-xxx-43799/coq-43799-08f5b9.env
[33m#[0m [33moutput-file[0m /tmp/opam-xxx-43799/coq-43799-08f5b9.out
[33m### output ###
[0m[33m# [0m[...]
[33m# [0mcoq_interp.c:1805:73: error: macro "Alloc_small" requires 4 arguments, but only 3 given
[33m# [0m         Coq_copy_double(ldexp(Double_val(*sp++), accu - FLOAT_EXP_SHIFT));
[33m# [0m                                                                         ^
[33m# [0mcoq_interp.c:1812:54: error: macro "Alloc_small" requires 4 arguments, but only 3 given
[33m# [0m         Coq_copy_double(coq_next_up(Double_val(accu)));
[33m# [0m                                                      ^
[33m# [0mcoq_interp.c:1819:56: error: macro "Alloc_small" requires 4 arguments, but only 3 given
[33m# [0m         Coq_copy_double(coq_next_down(Double_val(accu)));
[33m# [0m                                                        ^
[33m# [0mmake[1]: *** [_build/install/default/bin/coqnative] Error 1
[33m# [0mmake[1]: Leaving directory `/lscratch/blaaulas/tactician.tmp.2qEYko/opam-root/bench/.opam-switch/build/coq.8.14+rc1'
[33m# [0mmake: *** [submake] Error 2

