slurmstepd: error: *** STEP 964426.0 ON node-03 CANCELLED AT 2021-01-20T01:48:50 ***
slurmstepd: error: *** JOB 964426 ON node-03 CANCELLED AT 2021-01-20T01:48:50 ***
srun: Job step aborted: Waiting up to 32 seconds for job step to finish.
slurmstepd: error: *** STEP 964446.0 ON node-02 CANCELLED AT 2021-01-20T01:48:50 ***
slurmstepd: error: *** JOB 964446 ON node-02 CANCELLED AT 2021-01-20T01:48:50 ***
srun: Job step aborted: Waiting up to 32 seconds for job step to finish.
srun: Job step aborted: Waiting up to 32 seconds for job step to finish.
slurmstepd: error: *** STEP 964423.0 ON node-03 CANCELLED AT 2021-01-20T01:48:50 ***
slurmstepd: error: *** JOB 964423 ON node-03 CANCELLED AT 2021-01-20T01:48:50 ***
shell-init: error retrieving current directory: getcwd: cannot access parent directories: No such file or directory
chdir: error retrieving current directory: getcwd: cannot access parent directories: No such file or directory
slurmstepd: error: *** STEP 964422.0 ON node-03 CANCELLED AT 2021-01-20T01:48:50 ***
srun: Job step aborted: Waiting up to 32 seconds for job step to finish.
slurmstepd: error: *** JOB 964422 ON node-03 CANCELLED AT 2021-01-20T01:48:50 ***
srun: error: node-02: task 0: Exited with exit code 3
slurmstepd: error: *** STEP 964444.0 ON node-02 CANCELLED AT 2021-01-20T01:48:50 ***
slurmstepd: error: *** JOB 964444 ON node-02 CANCELLED AT 2021-01-20T01:48:50 ***
srun: Job step aborted: Waiting up to 32 seconds for job step to finish.
slurmstepd: error: *** STEP 964488.0 ON node-02 CANCELLED AT 2021-01-20T01:48:50 ***
slurmstepd: error: *** JOB 964488 ON node-02 CANCELLED AT 2021-01-20T01:48:50 ***
srun: Job step aborted: Waiting up to 32 seconds for job step to finish.
slurmstepd: error: *** STEP 964489.0 ON node-09 CANCELLED AT 2021-01-20T01:48:50 ***
slurmstepd: error: *** JOB 964489 ON node-09 CANCELLED AT 2021-01-20T01:48:50 ***
srun: Job step aborted: Waiting up to 32 seconds for job step to finish.
slurmstepd: error: *** STEP 964424.0 ON node-03 CANCELLED AT 2021-01-20T01:48:50 ***
slurmstepd: error: *** JOB 964424 ON node-03 CANCELLED AT 2021-01-20T01:48:50 ***
shell-init: error retrieving current directory: getcwd: cannot access parent directories: No such file or directory
chdir: error retrieving current directory: getcwd: cannot access parent directories: No such file or directory
srun: Job step aborted: Waiting up to 32 seconds for job step to finish.
slurmstepd: error: *** STEP 964428.0 ON node-03 CANCELLED AT 2021-01-20T01:48:50 ***
slurmstepd: error: *** JOB 964428 ON node-03 CANCELLED AT 2021-01-20T01:48:50 ***
srun: error: node-02: task 0: Exited with exit code 1
slurmstepd: error: *** STEP 964438.0 ON node-02 CANCELLED AT 2021-01-20T01:48:50 ***
srun: Job step aborted: Waiting up to 32 seconds for job step to finish.
slurmstepd: error: *** JOB 964438 ON node-02 CANCELLED AT 2021-01-20T01:48:50 ***
slurmstepd: error: *** STEP 964440.0 ON node-02 CANCELLED AT 2021-01-20T01:48:50 ***
srun: Job step aborted: Waiting up to 32 seconds for job step to finish.
slurmstepd: error: *** JOB 964440 ON node-02 CANCELLED AT 2021-01-20T01:48:50 ***
srun: Job step aborted: Waiting up to 32 seconds for job step to finish.
slurmstepd: error: *** STEP 964442.0 ON node-02 CANCELLED AT 2021-01-20T01:48:51 ***
slurmstepd: error: *** JOB 964442 ON node-02 CANCELLED AT 2021-01-20T01:48:51 ***
slurmstepd: error: *** STEP 964405.0 ON node-03 CANCELLED AT 2021-01-20T01:48:50 ***
srun: Job step aborted: Waiting up to 32 seconds for job step to finish.
slurmstepd: error: *** JOB 964405 ON node-03 CANCELLED AT 2021-01-20T01:48:50 ***
srun: error: node-03: task 0: Terminated
srun: Job step aborted: Waiting up to 32 seconds for job step to finish.
slurmstepd: error: *** STEP 964427.0 ON node-03 CANCELLED AT 2021-01-20T01:48:50 ***
slurmstepd: error: *** JOB 964427 ON node-03 CANCELLED AT 2021-01-20T01:48:50 ***
srun: Job step aborted: Waiting up to 32 seconds for job step to finish.
slurmstepd: error: *** STEP 964443.0 ON node-09 CANCELLED AT 2021-01-20T01:48:50 ***
slurmstepd: error: *** JOB 964443 ON node-09 CANCELLED AT 2021-01-20T01:48:50 ***
srun: Job step aborted: Waiting up to 32 seconds for job step to finish.
slurmstepd: error: *** STEP 964429.0 ON node-03 CANCELLED AT 2021-01-20T01:48:50 ***
slurmstepd: error: *** JOB 964429 ON node-03 CANCELLED AT 2021-01-20T01:48:50 ***
/home/blaaulas/tactician/benchmark-system/processor.sh: line 36: /tmp/tactician-29zSeG.lock: No such file or directory
rm: cannot remove '/home/blaaulas/tactician/builds/dxZn9MJ8/processors/964429': No such file or directory
srun: Job step aborted: Waiting up to 32 seconds for job step to finish.
slurmstepd: error: *** STEP 964441.0 ON node-09 CANCELLED AT 2021-01-20T01:48:51 ***
slurmstepd: error: *** JOB 964441 ON node-09 CANCELLED AT 2021-01-20T01:48:51 ***
srun: error: node-09: task 0: Exited with exit code 1
srun: Job step aborted: Waiting up to 32 seconds for job step to finish.
slurmstepd: error: *** STEP 964449.0 ON node-02 CANCELLED AT 2021-01-20T01:48:50 ***
slurmstepd: error: *** JOB 964449 ON node-02 CANCELLED AT 2021-01-20T01:48:50 ***
srun: Job step aborted: Waiting up to 32 seconds for job step to finish.
slurmstepd: error: *** STEP 964448.0 ON node-09 CANCELLED AT 2021-01-20T01:48:50 ***
slurmstepd: error: *** JOB 964448 ON node-09 CANCELLED AT 2021-01-20T01:48:50 ***
