  Running command git clone --filter=blob:none --quiet 'ssh://****@github.com/LasseBlaauwbroek/graph2tac.git' /tmp/pip-req-build-kjnzyrz8
  Running command git rev-parse -q --verify 'sha^03b8c1f0e228d10e0f7eea9c70efb892ae849095'
  Running command git fetch -q 'ssh://****@github.com/LasseBlaauwbroek/graph2tac.git' 03b8c1f0e228d10e0f7eea9c70efb892ae849095
  Running command git checkout -q 03b8c1f0e228d10e0f7eea9c70efb892ae849095
  error: subprocess-exited-with-error
  
  × Running setup.py install for graph2tac did not run successfully.
  │ exit code: 1
  ╰─> [836 lines of output]
      running install
      running build
      running build_py
      creating build
      creating build/lib.linux-x86_64-3.10
      creating build/lib.linux-x86_64-3.10/nprop
      copying nprop/utils.py -> build/lib.linux-x86_64-3.10/nprop
      copying nprop/prover.py -> build/lib.linux-x86_64-3.10/nprop
      copying nprop/__init__.py -> build/lib.linux-x86_64-3.10/nprop
      creating build/lib.linux-x86_64-3.10/graph2tac
      copying graph2tac/printlog.py -> build/lib.linux-x86_64-3.10/graph2tac
      copying graph2tac/hash.py -> build/lib.linux-x86_64-3.10/graph2tac
      copying graph2tac/common.py -> build/lib.linux-x86_64-3.10/graph2tac
      copying graph2tac/__init__.py -> build/lib.linux-x86_64-3.10/graph2tac
      creating build/lib.linux-x86_64-3.10/nprop/visualization
      copying nprop/visualization/__init__.py -> build/lib.linux-x86_64-3.10/nprop/visualization
      creating build/lib.linux-x86_64-3.10/graph2tac/torch
      copying graph2tac/torch/vizualize_graph.py -> build/lib.linux-x86_64-3.10/graph2tac/torch
      copying graph2tac/torch/segments.py -> build/lib.linux-x86_64-3.10/graph2tac/torch
      copying graph2tac/torch/read_graph.py -> build/lib.linux-x86_64-3.10/graph2tac/torch
      copying graph2tac/torch/main_pt.py -> build/lib.linux-x86_64-3.10/graph2tac/torch
      copying graph2tac/torch/main.py -> build/lib.linux-x86_64-3.10/graph2tac/torch
      copying graph2tac/torch/__init__.py -> build/lib.linux-x86_64-3.10/graph2tac/torch
      creating build/lib.linux-x86_64-3.10/graph2tac/tfgnn
      copying graph2tac/tfgnn/train.py -> build/lib.linux-x86_64-3.10/graph2tac/tfgnn
      copying graph2tac/tfgnn/tasks.py -> build/lib.linux-x86_64-3.10/graph2tac/tfgnn
      copying graph2tac/tfgnn/predict.py -> build/lib.linux-x86_64-3.10/graph2tac/tfgnn
      copying graph2tac/tfgnn/models.py -> build/lib.linux-x86_64-3.10/graph2tac/tfgnn
      copying graph2tac/tfgnn/metrics.py -> build/lib.linux-x86_64-3.10/graph2tac/tfgnn
      copying graph2tac/tfgnn/graph_schema.py -> build/lib.linux-x86_64-3.10/graph2tac/tfgnn
      copying graph2tac/tfgnn/dataset.py -> build/lib.linux-x86_64-3.10/graph2tac/tfgnn
      copying graph2tac/tfgnn/__init__.py -> build/lib.linux-x86_64-3.10/graph2tac/tfgnn
      creating build/lib.linux-x86_64-3.10/graph2tac/tf2
      copying graph2tac/tf2/train.py -> build/lib.linux-x86_64-3.10/graph2tac/tf2
      copying graph2tac/tf2/stop_watch.py -> build/lib.linux-x86_64-3.10/graph2tac/tf2
      copying graph2tac/tf2/segments.py -> build/lib.linux-x86_64-3.10/graph2tac/tf2
      copying graph2tac/tf2/predict.py -> build/lib.linux-x86_64-3.10/graph2tac/tf2
      copying graph2tac/tf2/model_params.py -> build/lib.linux-x86_64-3.10/graph2tac/tf2
      copying graph2tac/tf2/model.py -> build/lib.linux-x86_64-3.10/graph2tac/tf2
      copying graph2tac/tf2/graph_nn_def_batch.py -> build/lib.linux-x86_64-3.10/graph2tac/tf2
      copying graph2tac/tf2/graph_nn_batch.py -> build/lib.linux-x86_64-3.10/graph2tac/tf2
      copying graph2tac/tf2/graph_nn.py -> build/lib.linux-x86_64-3.10/graph2tac/tf2
      copying graph2tac/tf2/generate.py -> build/lib.linux-x86_64-3.10/graph2tac/tf2
      copying graph2tac/tf2/datatypes.py -> build/lib.linux-x86_64-3.10/graph2tac/tf2
      copying graph2tac/tf2/batches.py -> build/lib.linux-x86_64-3.10/graph2tac/tf2
      copying graph2tac/tf2/__init__.py -> build/lib.linux-x86_64-3.10/graph2tac/tf2
      creating build/lib.linux-x86_64-3.10/graph2tac/loader
      copying graph2tac/loader/predict_server.py -> build/lib.linux-x86_64-3.10/graph2tac/loader
      copying graph2tac/loader/data_server.py -> build/lib.linux-x86_64-3.10/graph2tac/loader
      copying graph2tac/loader/unpack.py -> build/lib.linux-x86_64-3.10/graph2tac/loader
      copying graph2tac/loader/helpers.py -> build/lib.linux-x86_64-3.10/graph2tac/loader
      copying graph2tac/loader/__init__.py -> build/lib.linux-x86_64-3.10/graph2tac/loader
      running egg_info
      creating graph2tac.egg-info
      writing graph2tac.egg-info/PKG-INFO
      writing dependency_links to graph2tac.egg-info/dependency_links.txt
      writing entry points to graph2tac.egg-info/entry_points.txt
      writing requirements to graph2tac.egg-info/requires.txt
      writing top-level names to graph2tac.egg-info/top_level.txt
      writing manifest file 'graph2tac.egg-info/SOURCES.txt'
      reading manifest file 'graph2tac.egg-info/SOURCES.txt'
      adding license file 'LICENSE'
      writing manifest file 'graph2tac.egg-info/SOURCES.txt'
      creating build/lib.linux-x86_64-3.10/graph2tac/loader/clib
      copying graph2tac/loader/clib/loader.cpp -> build/lib.linux-x86_64-3.10/graph2tac/loader/clib
      copying graph2tac/loader/clib/graph_api_v11.capnp -> build/lib.linux-x86_64-3.10/graph2tac/loader/clib
      running build_ext
      Compiling .capnp files
      kj/filesystem-disk-unix.c++:1703: warning: PWD environment variable doesn't match current directory; pwd = /tmp/tactician.tmp.Z4pYgC/target-source
      kj/filesystem-disk-unix.c++:1703: warning: PWD environment variable doesn't match current directory; pwd = /tmp/tactician.tmp.Z4pYgC/target-source
      building 'graph2tac.loader.clib.loader' extension
      creating build/temp.linux-x86_64-3.10
      creating build/temp.linux-x86_64-3.10/graph2tac
      creating build/temp.linux-x86_64-3.10/graph2tac/loader
      creating build/temp.linux-x86_64-3.10/graph2tac/loader/clib
      gcc -pthread -B /home/blaaulas/.conda/envs/graph2tac/compiler_compat -Wno-unused-result -Wsign-compare -DNDEBUG -fwrapv -O2 -Wall -fPIC -O2 -isystem /home/blaaulas/.conda/envs/graph2tac/include -fPIC -O2 -isystem /home/blaaulas/.conda/envs/graph2tac/include -fPIC -I/tmp/tactician.tmp.Z4pYgC/target-source/venv/lib/python3.10/site-packages/numpy/core/include -I/tmp/tactician.tmp.Z4pYgC/target-source/venv/include -I/home/blaaulas/.conda/envs/graph2tac/include/python3.10 -c graph2tac/loader/clib/graph_api_v11.capnp.cpp -o build/temp.linux-x86_64-3.10/graph2tac/loader/clib/graph_api_v11.capnp.o -std=c++17 -O3 -I/opt/local/include -DCAPNP_V=11
      In file included from graph2tac/loader/clib/graph_api_v11.capnp.cpp:4:
      graph2tac/loader/clib/graph_api_v11.capnp.h:13:2: error: #error "Version mismatch between generated code and library headers.  You must use the same version of the Cap'n Proto compiler and library."
         13 | #error "Version mismatch between generated code and library headers.  You must use the same version of the Cap'n Proto compiler and library."
            |  ^~~~~
      In file included from graph2tac/loader/clib/graph_api_v11.capnp.cpp:4:
      graph2tac/loader/clib/graph_api_v11.capnp.h:17:1: error: ‘CAPNP_BEGIN_HEADER’ does not name a type
         17 | CAPNP_BEGIN_HEADER
            | ^~~~~~~~~~~~~~~~~~
      In file included from graph2tac/loader/clib/graph_api_v11.capnp.h:6,
                       from graph2tac/loader/clib/graph_api_v11.capnp.cpp:4:
      graph2tac/loader/clib/graph_api_v11.capnp.h:138:5: error: ‘s_a25c4655f03f4a71’ is not a member of ‘capnp::schemas’
        138 |     CAPNP_DECLARE_STRUCT_HEADER(a25c4655f03f4a71, 0, 2)
            |     ^~~~~~~~~~~~~~~~~~~~~~~~~~~
      graph2tac/loader/clib/graph_api_v11.capnp.h: In static member function ‘static const capnp::word* Graph::_capnpPrivate::encodedSchema()’:
      graph2tac/loader/clib/graph_api_v11.capnp.h:138:5: error: ‘bp_a25c4655f03f4a71’ is not a member of ‘capnp::schemas’
        138 |     CAPNP_DECLARE_STRUCT_HEADER(a25c4655f03f4a71, 0, 2)
            |     ^~~~~~~~~~~~~~~~~~~~~~~~~~~
      graph2tac/loader/clib/graph_api_v11.capnp.h: At global scope:
      graph2tac/loader/clib/graph_api_v11.capnp.h:154:5: error: ‘s_a7208620283abb85’ is not a member of ‘capnp::schemas’
        154 |     CAPNP_DECLARE_STRUCT_HEADER(a7208620283abb85, 1, 0)
            |     ^~~~~~~~~~~~~~~~~~~~~~~~~~~
      graph2tac/loader/clib/graph_api_v11.capnp.h: In static member function ‘static const capnp::word* Graph::EdgeTarget::_capnpPrivate::encodedSchema()’:
      graph2tac/loader/clib/graph_api_v11.capnp.h:154:5: error: ‘bp_a7208620283abb85’ is not a member of ‘capnp::schemas’
        154 |     CAPNP_DECLARE_STRUCT_HEADER(a7208620283abb85, 1, 0)
            |     ^~~~~~~~~~~~~~~~~~~~~~~~~~~
      graph2tac/loader/clib/graph_api_v11.capnp.h: At global scope:
      graph2tac/loader/clib/graph_api_v11.capnp.h:169:5: error: ‘s_fec8205a77aec339’ is not a member of ‘capnp::schemas’
        169 |     CAPNP_DECLARE_STRUCT_HEADER(fec8205a77aec339, 1, 0)
            |     ^~~~~~~~~~~~~~~~~~~~~~~~~~~
      graph2tac/loader/clib/graph_api_v11.capnp.h: In static member function ‘static const capnp::word* Graph::EdgeTarget::Target::_capnpPrivate::encodedSchema()’:
      graph2tac/loader/clib/graph_api_v11.capnp.h:169:5: error: ‘bp_fec8205a77aec339’ is not a member of ‘capnp::schemas’
        169 |     CAPNP_DECLARE_STRUCT_HEADER(fec8205a77aec339, 1, 0)
            |     ^~~~~~~~~~~~~~~~~~~~~~~~~~~
      graph2tac/loader/clib/graph_api_v11.capnp.h: At global scope:
      graph2tac/loader/clib/graph_api_v11.capnp.h:185:5: error: ‘s_b935bfc7c7d71fed’ is not a member of ‘capnp::schemas’
        185 |     CAPNP_DECLARE_STRUCT_HEADER(b935bfc7c7d71fed, 1, 1)
            |     ^~~~~~~~~~~~~~~~~~~~~~~~~~~
      graph2tac/loader/clib/graph_api_v11.capnp.h: In static member function ‘static const capnp::word* Graph::Node::_capnpPrivate::encodedSchema()’:
      graph2tac/loader/clib/graph_api_v11.capnp.h:185:5: error: ‘bp_b935bfc7c7d71fed’ is not a member of ‘capnp::schemas’
        185 |     CAPNP_DECLARE_STRUCT_HEADER(b935bfc7c7d71fed, 1, 1)
            |     ^~~~~~~~~~~~~~~~~~~~~~~~~~~
      graph2tac/loader/clib/graph_api_v11.capnp.h: At global scope:
      graph2tac/loader/clib/graph_api_v11.capnp.h:231:5: error: ‘s_cd2800be8e6c7cbe’ is not a member of ‘capnp::schemas’
        231 |     CAPNP_DECLARE_STRUCT_HEADER(cd2800be8e6c7cbe, 1, 1)
            |     ^~~~~~~~~~~~~~~~~~~~~~~~~~~
      graph2tac/loader/clib/graph_api_v11.capnp.h: In static member function ‘static const capnp::word* Graph::Node::Label::_capnpPrivate::encodedSchema()’:
      graph2tac/loader/clib/graph_api_v11.capnp.h:231:5: error: ‘bp_cd2800be8e6c7cbe’ is not a member of ‘capnp::schemas’
        231 |     CAPNP_DECLARE_STRUCT_HEADER(cd2800be8e6c7cbe, 1, 1)
            |     ^~~~~~~~~~~~~~~~~~~~~~~~~~~
      graph2tac/loader/clib/graph_api_v11.capnp.h: At global scope:
      graph2tac/loader/clib/graph_api_v11.capnp.h:246:5: error: ‘s_c578ab5a5d5cf660’ is not a member of ‘capnp::schemas’
        246 |     CAPNP_DECLARE_STRUCT_HEADER(c578ab5a5d5cf660, 2, 0)
            |     ^~~~~~~~~~~~~~~~~~~~~~~~~~~
      graph2tac/loader/clib/graph_api_v11.capnp.h: In static member function ‘static const capnp::word* AbstractTactic::_capnpPrivate::encodedSchema()’:
      graph2tac/loader/clib/graph_api_v11.capnp.h:246:5: error: ‘bp_c578ab5a5d5cf660’ is not a member of ‘capnp::schemas’
        246 |     CAPNP_DECLARE_STRUCT_HEADER(c578ab5a5d5cf660, 2, 0)
            |     ^~~~~~~~~~~~~~~~~~~~~~~~~~~
      graph2tac/loader/clib/graph_api_v11.capnp.h: At global scope:
      graph2tac/loader/clib/graph_api_v11.capnp.h:261:5: error: ‘s_fbb97a832feecffd’ is not a member of ‘capnp::schemas’
        261 |     CAPNP_DECLARE_STRUCT_HEADER(fbb97a832feecffd, 2, 3)
            |     ^~~~~~~~~~~~~~~~~~~~~~~~~~~
      graph2tac/loader/clib/graph_api_v11.capnp.h: In static member function ‘static const capnp::word* Tactic::_capnpPrivate::encodedSchema()’:
      graph2tac/loader/clib/graph_api_v11.capnp.h:261:5: error: ‘bp_fbb97a832feecffd’ is not a member of ‘capnp::schemas’
        261 |     CAPNP_DECLARE_STRUCT_HEADER(fbb97a832feecffd, 2, 3)
            |     ^~~~~~~~~~~~~~~~~~~~~~~~~~~
      graph2tac/loader/clib/graph_api_v11.capnp.h: At global scope:
      graph2tac/loader/clib/graph_api_v11.capnp.h:281:5: error: ‘s_abf419cee829399d’ is not a member of ‘capnp::schemas’
        281 |     CAPNP_DECLARE_STRUCT_HEADER(abf419cee829399d, 1, 0)
            |     ^~~~~~~~~~~~~~~~~~~~~~~~~~~
      graph2tac/loader/clib/graph_api_v11.capnp.h: In static member function ‘static const capnp::word* Argument::_capnpPrivate::encodedSchema()’:
      graph2tac/loader/clib/graph_api_v11.capnp.h:281:5: error: ‘bp_abf419cee829399d’ is not a member of ‘capnp::schemas’
        281 |     CAPNP_DECLARE_STRUCT_HEADER(abf419cee829399d, 1, 0)
            |     ^~~~~~~~~~~~~~~~~~~~~~~~~~~
      graph2tac/loader/clib/graph_api_v11.capnp.h: At global scope:
      graph2tac/loader/clib/graph_api_v11.capnp.h:296:5: error: ‘s_e9bb5d2bba05799a’ is not a member of ‘capnp::schemas’
        296 |     CAPNP_DECLARE_STRUCT_HEADER(e9bb5d2bba05799a, 1, 0)
            |     ^~~~~~~~~~~~~~~~~~~~~~~~~~~
      graph2tac/loader/clib/graph_api_v11.capnp.h: In static member function ‘static const capnp::word* Argument::Term::_capnpPrivate::encodedSchema()’:
      graph2tac/loader/clib/graph_api_v11.capnp.h:296:5: error: ‘bp_e9bb5d2bba05799a’ is not a member of ‘capnp::schemas’
        296 |     CAPNP_DECLARE_STRUCT_HEADER(e9bb5d2bba05799a, 1, 0)
            |     ^~~~~~~~~~~~~~~~~~~~~~~~~~~
      graph2tac/loader/clib/graph_api_v11.capnp.h: At global scope:
      graph2tac/loader/clib/graph_api_v11.capnp.h:311:5: error: ‘s_f6509c85aedc1ce7’ is not a member of ‘capnp::schemas’
        311 |     CAPNP_DECLARE_STRUCT_HEADER(f6509c85aedc1ce7, 1, 2)
            |     ^~~~~~~~~~~~~~~~~~~~~~~~~~~
      graph2tac/loader/clib/graph_api_v11.capnp.h: In static member function ‘static const capnp::word* ProofState::_capnpPrivate::encodedSchema()’:
      graph2tac/loader/clib/graph_api_v11.capnp.h:311:5: error: ‘bp_f6509c85aedc1ce7’ is not a member of ‘capnp::schemas’
        311 |     CAPNP_DECLARE_STRUCT_HEADER(f6509c85aedc1ce7, 1, 2)
            |     ^~~~~~~~~~~~~~~~~~~~~~~~~~~
      graph2tac/loader/clib/graph_api_v11.capnp.h: At global scope:
      graph2tac/loader/clib/graph_api_v11.capnp.h:326:5: error: ‘s_bd901469e53c06f5’ is not a member of ‘capnp::schemas’
        326 |     CAPNP_DECLARE_STRUCT_HEADER(bd901469e53c06f5, 1, 4)
            |     ^~~~~~~~~~~~~~~~~~~~~~~~~~~
      graph2tac/loader/clib/graph_api_v11.capnp.h: In static member function ‘static const capnp::word* Outcome::_capnpPrivate::encodedSchema()’:
      graph2tac/loader/clib/graph_api_v11.capnp.h:326:5: error: ‘bp_bd901469e53c06f5’ is not a member of ‘capnp::schemas’
        326 |     CAPNP_DECLARE_STRUCT_HEADER(bd901469e53c06f5, 1, 4)
            |     ^~~~~~~~~~~~~~~~~~~~~~~~~~~
      graph2tac/loader/clib/graph_api_v11.capnp.h: At global scope:
      graph2tac/loader/clib/graph_api_v11.capnp.h:342:5: error: ‘s_814dee4facb03042’ is not a member of ‘capnp::schemas’
        342 |     CAPNP_DECLARE_STRUCT_HEADER(814dee4facb03042, 1, 2)
            |     ^~~~~~~~~~~~~~~~~~~~~~~~~~~
      graph2tac/loader/clib/graph_api_v11.capnp.h: In static member function ‘static const capnp::word* ProofStep::_capnpPrivate::encodedSchema()’:
      graph2tac/loader/clib/graph_api_v11.capnp.h:342:5: error: ‘bp_814dee4facb03042’ is not a member of ‘capnp::schemas’
        342 |     CAPNP_DECLARE_STRUCT_HEADER(814dee4facb03042, 1, 2)
            |     ^~~~~~~~~~~~~~~~~~~~~~~~~~~
      graph2tac/loader/clib/graph_api_v11.capnp.h: At global scope:
      graph2tac/loader/clib/graph_api_v11.capnp.h:361:5: error: ‘s_fb6a77b0dc922c81’ is not a member of ‘capnp::schemas’
        361 |     CAPNP_DECLARE_STRUCT_HEADER(fb6a77b0dc922c81, 1, 2)
            |     ^~~~~~~~~~~~~~~~~~~~~~~~~~~
      graph2tac/loader/clib/graph_api_v11.capnp.h: In static member function ‘static const capnp::word* ProofStep::Tactic::_capnpPrivate::encodedSchema()’:
      graph2tac/loader/clib/graph_api_v11.capnp.h:361:5: error: ‘bp_fb6a77b0dc922c81’ is not a member of ‘capnp::schemas’
        361 |     CAPNP_DECLARE_STRUCT_HEADER(fb6a77b0dc922c81, 1, 2)
            |     ^~~~~~~~~~~~~~~~~~~~~~~~~~~
      graph2tac/loader/clib/graph_api_v11.capnp.h: At global scope:
      graph2tac/loader/clib/graph_api_v11.capnp.h:386:5: error: ‘s_caba7319c9967a39’ is not a member of ‘capnp::schemas’
        386 |     CAPNP_DECLARE_STRUCT_HEADER(caba7319c9967a39, 3, 5)
            |     ^~~~~~~~~~~~~~~~~~~~~~~~~~~
      graph2tac/loader/clib/graph_api_v11.capnp.h: In static member function ‘static const capnp::word* Definition::_capnpPrivate::encodedSchema()’:
      graph2tac/loader/clib/graph_api_v11.capnp.h:386:5: error: ‘bp_caba7319c9967a39’ is not a member of ‘capnp::schemas’
        386 |     CAPNP_DECLARE_STRUCT_HEADER(caba7319c9967a39, 3, 5)
            |     ^~~~~~~~~~~~~~~~~~~~~~~~~~~
      graph2tac/loader/clib/graph_api_v11.capnp.h: At global scope:
      graph2tac/loader/clib/graph_api_v11.capnp.h:407:5: error: ‘s_b07f0a46a7aeebcb’ is not a member of ‘capnp::schemas’
        407 |     CAPNP_DECLARE_STRUCT_HEADER(b07f0a46a7aeebcb, 3, 5)
            |     ^~~~~~~~~~~~~~~~~~~~~~~~~~~
      graph2tac/loader/clib/graph_api_v11.capnp.h: In static member function ‘static const capnp::word* Definition::Status::_capnpPrivate::encodedSchema()’:
      graph2tac/loader/clib/graph_api_v11.capnp.h:407:5: error: ‘bp_b07f0a46a7aeebcb’ is not a member of ‘capnp::schemas’
        407 |     CAPNP_DECLARE_STRUCT_HEADER(b07f0a46a7aeebcb, 3, 5)
            |     ^~~~~~~~~~~~~~~~~~~~~~~~~~~
      graph2tac/loader/clib/graph_api_v11.capnp.h: At global scope:
      graph2tac/loader/clib/graph_api_v11.capnp.h:422:5: error: ‘s_d63eac1fe68b78d7’ is not a member of ‘capnp::schemas’
        422 |     CAPNP_DECLARE_STRUCT_HEADER(d63eac1fe68b78d7, 3, 5)
            |     ^~~~~~~~~~~~~~~~~~~~~~~~~~~
      graph2tac/loader/clib/graph_api_v11.capnp.h: In static member function ‘static const capnp::word* Definition::Status::Substituted::_capnpPrivate::encodedSchema()’:
      graph2tac/loader/clib/graph_api_v11.capnp.h:422:5: error: ‘bp_d63eac1fe68b78d7’ is not a member of ‘capnp::schemas’
        422 |     CAPNP_DECLARE_STRUCT_HEADER(d63eac1fe68b78d7, 3, 5)
            |     ^~~~~~~~~~~~~~~~~~~~~~~~~~~
      graph2tac/loader/clib/graph_api_v11.capnp.h: At global scope:
      graph2tac/loader/clib/graph_api_v11.capnp.h:437:5: error: ‘s_b7905268ae05a163’ is not a member of ‘capnp::schemas’
        437 |     CAPNP_DECLARE_STRUCT_HEADER(b7905268ae05a163, 1, 3)
            |     ^~~~~~~~~~~~~~~~~~~~~~~~~~~
      graph2tac/loader/clib/graph_api_v11.capnp.h: In static member function ‘static const capnp::word* Dataset::_capnpPrivate::encodedSchema()’:
      graph2tac/loader/clib/graph_api_v11.capnp.h:437:5: error: ‘bp_b7905268ae05a163’ is not a member of ‘capnp::schemas’
        437 |     CAPNP_DECLARE_STRUCT_HEADER(b7905268ae05a163, 1, 3)
            |     ^~~~~~~~~~~~~~~~~~~~~~~~~~~
      graph2tac/loader/clib/graph_api_v11.capnp.h: At global scope:
      graph2tac/loader/clib/graph_api_v11.capnp.h:458:5: error: ‘s_af4941f5753def60’ is not a member of ‘capnp::schemas’
        458 |     CAPNP_DECLARE_STRUCT_HEADER(af4941f5753def60, 1, 0)
            |     ^~~~~~~~~~~~~~~~~~~~~~~~~~~
      graph2tac/loader/clib/graph_api_v11.capnp.h: In static member function ‘static const capnp::word* Exception::_capnpPrivate::encodedSchema()’:
      graph2tac/loader/clib/graph_api_v11.capnp.h:458:5: error: ‘bp_af4941f5753def60’ is not a member of ‘capnp::schemas’
        458 |     CAPNP_DECLARE_STRUCT_HEADER(af4941f5753def60, 1, 0)
            |     ^~~~~~~~~~~~~~~~~~~~~~~~~~~
      graph2tac/loader/clib/graph_api_v11.capnp.h: At global scope:
      graph2tac/loader/clib/graph_api_v11.capnp.h:480:5: error: ‘s_97cf08a3d7339384’ is not a member of ‘capnp::schemas’
        480 |     CAPNP_DECLARE_STRUCT_HEADER(97cf08a3d7339384, 1, 3)
            |     ^~~~~~~~~~~~~~~~~~~~~~~~~~~
      graph2tac/loader/clib/graph_api_v11.capnp.h: In static member function ‘static const capnp::word* ExecutionResult::_capnpPrivate::encodedSchema()’:
      graph2tac/loader/clib/graph_api_v11.capnp.h:480:5: error: ‘bp_97cf08a3d7339384’ is not a member of ‘capnp::schemas’
        480 |     CAPNP_DECLARE_STRUCT_HEADER(97cf08a3d7339384, 1, 3)
            |     ^~~~~~~~~~~~~~~~~~~~~~~~~~~
      graph2tac/loader/clib/graph_api_v11.capnp.h: At global scope:
      graph2tac/loader/clib/graph_api_v11.capnp.h:495:5: error: ‘s_ed81c1a933438235’ is not a member of ‘capnp::schemas’
        495 |     CAPNP_DECLARE_STRUCT_HEADER(ed81c1a933438235, 1, 3)
            |     ^~~~~~~~~~~~~~~~~~~~~~~~~~~
      graph2tac/loader/clib/graph_api_v11.capnp.h: In static member function ‘static const capnp::word* ExecutionResult::NewState::_capnpPrivate::encodedSchema()’:
      graph2tac/loader/clib/graph_api_v11.capnp.h:495:5: error: ‘bp_ed81c1a933438235’ is not a member of ‘capnp::schemas’
        495 |     CAPNP_DECLARE_STRUCT_HEADER(ed81c1a933438235, 1, 3)
            |     ^~~~~~~~~~~~~~~~~~~~~~~~~~~
      graph2tac/loader/clib/graph_api_v11.capnp.h: At global scope:
      graph2tac/loader/clib/graph_api_v11.capnp.h:515:5: error: ‘s_85d59f40fcf7a0a2’ is not a member of ‘capnp::schemas’
        515 |     CAPNP_DECLARE_INTERFACE_HEADER(85d59f40fcf7a0a2)
            |     ^~~~~~~~~~~~~~~~~~~~~~~~~~~~~~
      graph2tac/loader/clib/graph_api_v11.capnp.h: In static member function ‘static const capnp::word* ProofObject::_capnpPrivate::encodedSchema()’:
      graph2tac/loader/clib/graph_api_v11.capnp.h:515:5: error: ‘bp_85d59f40fcf7a0a2’ is not a member of ‘capnp::schemas’
        515 |     CAPNP_DECLARE_INTERFACE_HEADER(85d59f40fcf7a0a2)
            |     ^~~~~~~~~~~~~~~~~~~~~~~~~~~~~~
      graph2tac/loader/clib/graph_api_v11.capnp.h: At global scope:
      graph2tac/loader/clib/graph_api_v11.capnp.h:529:5: error: ‘s_e1b3a457439eaceb’ is not a member of ‘capnp::schemas’
        529 |     CAPNP_DECLARE_STRUCT_HEADER(e1b3a457439eaceb, 0, 2)
            |     ^~~~~~~~~~~~~~~~~~~~~~~~~~~
      graph2tac/loader/clib/graph_api_v11.capnp.h: In static member function ‘static const capnp::word* ProofObject::RunTacticParams::_capnpPrivate::encodedSchema()’:
      graph2tac/loader/clib/graph_api_v11.capnp.h:529:5: error: ‘bp_e1b3a457439eaceb’ is not a member of ‘capnp::schemas’
        529 |     CAPNP_DECLARE_STRUCT_HEADER(e1b3a457439eaceb, 0, 2)
            |     ^~~~~~~~~~~~~~~~~~~~~~~~~~~
      graph2tac/loader/clib/graph_api_v11.capnp.h: At global scope:
      graph2tac/loader/clib/graph_api_v11.capnp.h:544:5: error: ‘s_8d2975bf279ac93a’ is not a member of ‘capnp::schemas’
        544 |     CAPNP_DECLARE_STRUCT_HEADER(8d2975bf279ac93a, 0, 1)
            |     ^~~~~~~~~~~~~~~~~~~~~~~~~~~
      graph2tac/loader/clib/graph_api_v11.capnp.h: In static member function ‘static const capnp::word* ProofObject::RunTacticResults::_capnpPrivate::encodedSchema()’:
      graph2tac/loader/clib/graph_api_v11.capnp.h:544:5: error: ‘bp_8d2975bf279ac93a’ is not a member of ‘capnp::schemas’
        544 |     CAPNP_DECLARE_STRUCT_HEADER(8d2975bf279ac93a, 0, 1)
            |     ^~~~~~~~~~~~~~~~~~~~~~~~~~~
      graph2tac/loader/clib/graph_api_v11.capnp.h: At global scope:
      graph2tac/loader/clib/graph_api_v11.capnp.h:566:5: error: ‘s_bffd2963988b186c’ is not a member of ‘capnp::schemas’
        566 |     CAPNP_DECLARE_INTERFACE_HEADER(bffd2963988b186c)
            |     ^~~~~~~~~~~~~~~~~~~~~~~~~~~~~~
      graph2tac/loader/clib/graph_api_v11.capnp.h: In static member function ‘static const capnp::word* AvailableTactics::_capnpPrivate::encodedSchema()’:
      graph2tac/loader/clib/graph_api_v11.capnp.h:566:5: error: ‘bp_bffd2963988b186c’ is not a member of ‘capnp::schemas’
        566 |     CAPNP_DECLARE_INTERFACE_HEADER(bffd2963988b186c)
            |     ^~~~~~~~~~~~~~~~~~~~~~~~~~~~~~
      graph2tac/loader/clib/graph_api_v11.capnp.h: At global scope:
      graph2tac/loader/clib/graph_api_v11.capnp.h:580:5: error: ‘s_aa9d42f9d937c969’ is not a member of ‘capnp::schemas’
        580 |     CAPNP_DECLARE_STRUCT_HEADER(aa9d42f9d937c969, 0, 0)
            |     ^~~~~~~~~~~~~~~~~~~~~~~~~~~
      graph2tac/loader/clib/graph_api_v11.capnp.h: In static member function ‘static const capnp::word* AvailableTactics::TacticsParams::_capnpPrivate::encodedSchema()’:
      graph2tac/loader/clib/graph_api_v11.capnp.h:580:5: error: ‘bp_aa9d42f9d937c969’ is not a member of ‘capnp::schemas’
        580 |     CAPNP_DECLARE_STRUCT_HEADER(aa9d42f9d937c969, 0, 0)
            |     ^~~~~~~~~~~~~~~~~~~~~~~~~~~
      graph2tac/loader/clib/graph_api_v11.capnp.h: At global scope:
      graph2tac/loader/clib/graph_api_v11.capnp.h:595:5: error: ‘s_9ef32655c11fea03’ is not a member of ‘capnp::schemas’
        595 |     CAPNP_DECLARE_STRUCT_HEADER(9ef32655c11fea03, 0, 1)
            |     ^~~~~~~~~~~~~~~~~~~~~~~~~~~
      graph2tac/loader/clib/graph_api_v11.capnp.h: In static member function ‘static const capnp::word* AvailableTactics::TacticsResults::_capnpPrivate::encodedSchema()’:
      graph2tac/loader/clib/graph_api_v11.capnp.h:595:5: error: ‘bp_9ef32655c11fea03’ is not a member of ‘capnp::schemas’
        595 |     CAPNP_DECLARE_STRUCT_HEADER(9ef32655c11fea03, 0, 1)
            |     ^~~~~~~~~~~~~~~~~~~~~~~~~~~
      graph2tac/loader/clib/graph_api_v11.capnp.h: At global scope:
      graph2tac/loader/clib/graph_api_v11.capnp.h:610:5: error: ‘s_bf8a4850297bd4f5’ is not a member of ‘capnp::schemas’
        610 |     CAPNP_DECLARE_STRUCT_HEADER(bf8a4850297bd4f5, 1, 0)
            |     ^~~~~~~~~~~~~~~~~~~~~~~~~~~
      graph2tac/loader/clib/graph_api_v11.capnp.h: In static member function ‘static const capnp::word* AvailableTactics::PrintTacticParams::_capnpPrivate::encodedSchema()’:
      graph2tac/loader/clib/graph_api_v11.capnp.h:610:5: error: ‘bp_bf8a4850297bd4f5’ is not a member of ‘capnp::schemas’
        610 |     CAPNP_DECLARE_STRUCT_HEADER(bf8a4850297bd4f5, 1, 0)
            |     ^~~~~~~~~~~~~~~~~~~~~~~~~~~
      graph2tac/loader/clib/graph_api_v11.capnp.h: At global scope:
      graph2tac/loader/clib/graph_api_v11.capnp.h:625:5: error: ‘s_904bc6a13c8957dd’ is not a member of ‘capnp::schemas’
        625 |     CAPNP_DECLARE_STRUCT_HEADER(904bc6a13c8957dd, 0, 1)
            |     ^~~~~~~~~~~~~~~~~~~~~~~~~~~
      graph2tac/loader/clib/graph_api_v11.capnp.h: In static member function ‘static const capnp::word* AvailableTactics::PrintTacticResults::_capnpPrivate::encodedSchema()’:
      graph2tac/loader/clib/graph_api_v11.capnp.h:625:5: error: ‘bp_904bc6a13c8957dd’ is not a member of ‘capnp::schemas’
        625 |     CAPNP_DECLARE_STRUCT_HEADER(904bc6a13c8957dd, 0, 1)
            |     ^~~~~~~~~~~~~~~~~~~~~~~~~~~
      graph2tac/loader/clib/graph_api_v11.capnp.h: At global scope:
      graph2tac/loader/clib/graph_api_v11.capnp.h:645:5: error: ‘s_f9199b1b21583240’ is not a member of ‘capnp::schemas’
        645 |     CAPNP_DECLARE_INTERFACE_HEADER(f9199b1b21583240)
            |     ^~~~~~~~~~~~~~~~~~~~~~~~~~~~~~
      graph2tac/loader/clib/graph_api_v11.capnp.h: In static member function ‘static const capnp::word* PullReinforce::_capnpPrivate::encodedSchema()’:
      graph2tac/loader/clib/graph_api_v11.capnp.h:645:5: error: ‘bp_f9199b1b21583240’ is not a member of ‘capnp::schemas’
        645 |     CAPNP_DECLARE_INTERFACE_HEADER(f9199b1b21583240)
            |     ^~~~~~~~~~~~~~~~~~~~~~~~~~~~~~
      graph2tac/loader/clib/graph_api_v11.capnp.h: At global scope:
      graph2tac/loader/clib/graph_api_v11.capnp.h:659:5: error: ‘s_ca6e49efc8e8f429’ is not a member of ‘capnp::schemas’
        659 |     CAPNP_DECLARE_STRUCT_HEADER(ca6e49efc8e8f429, 0, 1)
            |     ^~~~~~~~~~~~~~~~~~~~~~~~~~~
      graph2tac/loader/clib/graph_api_v11.capnp.h: In static member function ‘static const capnp::word* PullReinforce::ReinforceParams::_capnpPrivate::encodedSchema()’:
      graph2tac/loader/clib/graph_api_v11.capnp.h:659:5: error: ‘bp_ca6e49efc8e8f429’ is not a member of ‘capnp::schemas’
        659 |     CAPNP_DECLARE_STRUCT_HEADER(ca6e49efc8e8f429, 0, 1)
            |     ^~~~~~~~~~~~~~~~~~~~~~~~~~~
      graph2tac/loader/clib/graph_api_v11.capnp.h: At global scope:
      graph2tac/loader/clib/graph_api_v11.capnp.h:674:5: error: ‘s_914b532aa3700f03’ is not a member of ‘capnp::schemas’
        674 |     CAPNP_DECLARE_STRUCT_HEADER(914b532aa3700f03, 0, 2)
            |     ^~~~~~~~~~~~~~~~~~~~~~~~~~~
      graph2tac/loader/clib/graph_api_v11.capnp.h: In static member function ‘static const capnp::word* PullReinforce::ReinforceResults::_capnpPrivate::encodedSchema()’:
      graph2tac/loader/clib/graph_api_v11.capnp.h:674:5: error: ‘bp_914b532aa3700f03’ is not a member of ‘capnp::schemas’
        674 |     CAPNP_DECLARE_STRUCT_HEADER(914b532aa3700f03, 0, 2)
            |     ^~~~~~~~~~~~~~~~~~~~~~~~~~~
      graph2tac/loader/clib/graph_api_v11.capnp.h: At global scope:
      graph2tac/loader/clib/graph_api_v11.capnp.h:694:5: error: ‘s_d77e2ce0cadf0188’ is not a member of ‘capnp::schemas’
        694 |     CAPNP_DECLARE_INTERFACE_HEADER(d77e2ce0cadf0188)
            |     ^~~~~~~~~~~~~~~~~~~~~~~~~~~~~~
      graph2tac/loader/clib/graph_api_v11.capnp.h: In static member function ‘static const capnp::word* PushReinforce::_capnpPrivate::encodedSchema()’:
      graph2tac/loader/clib/graph_api_v11.capnp.h:694:5: error: ‘bp_d77e2ce0cadf0188’ is not a member of ‘capnp::schemas’
        694 |     CAPNP_DECLARE_INTERFACE_HEADER(d77e2ce0cadf0188)
            |     ^~~~~~~~~~~~~~~~~~~~~~~~~~~~~~
      graph2tac/loader/clib/graph_api_v11.capnp.h: At global scope:
      graph2tac/loader/clib/graph_api_v11.capnp.h:708:5: error: ‘s_d4d745c8fb076c3f’ is not a member of ‘capnp::schemas’
        708 |     CAPNP_DECLARE_STRUCT_HEADER(d4d745c8fb076c3f, 0, 1)
            |     ^~~~~~~~~~~~~~~~~~~~~~~~~~~
      graph2tac/loader/clib/graph_api_v11.capnp.h: In static member function ‘static const capnp::word* PushReinforce::ReinforceParams::_capnpPrivate::encodedSchema()’:
      graph2tac/loader/clib/graph_api_v11.capnp.h:708:5: error: ‘bp_d4d745c8fb076c3f’ is not a member of ‘capnp::schemas’
        708 |     CAPNP_DECLARE_STRUCT_HEADER(d4d745c8fb076c3f, 0, 1)
            |     ^~~~~~~~~~~~~~~~~~~~~~~~~~~
      graph2tac/loader/clib/graph_api_v11.capnp.h: At global scope:
      graph2tac/loader/clib/graph_api_v11.capnp.h:723:5: error: ‘s_a87bab49dabe0fb4’ is not a member of ‘capnp::schemas’
        723 |     CAPNP_DECLARE_STRUCT_HEADER(a87bab49dabe0fb4, 0, 0)
            |     ^~~~~~~~~~~~~~~~~~~~~~~~~~~
      graph2tac/loader/clib/graph_api_v11.capnp.h: In static member function ‘static const capnp::word* PushReinforce::ReinforceResults::_capnpPrivate::encodedSchema()’:
      graph2tac/loader/clib/graph_api_v11.capnp.h:723:5: error: ‘bp_a87bab49dabe0fb4’ is not a member of ‘capnp::schemas’
        723 |     CAPNP_DECLARE_STRUCT_HEADER(a87bab49dabe0fb4, 0, 0)
            |     ^~~~~~~~~~~~~~~~~~~~~~~~~~~
      graph2tac/loader/clib/graph_api_v11.capnp.h: At global scope:
      graph2tac/loader/clib/graph_api_v11.capnp.h:742:5: error: ‘s_86cc234db5ee841f’ is not a member of ‘capnp::schemas’
        742 |     CAPNP_DECLARE_STRUCT_HEADER(86cc234db5ee841f, 0, 0)
            |     ^~~~~~~~~~~~~~~~~~~~~~~~~~~
      graph2tac/loader/clib/graph_api_v11.capnp.h: In static member function ‘static const capnp::word* PredictionProtocol::_capnpPrivate::encodedSchema()’:
      graph2tac/loader/clib/graph_api_v11.capnp.h:742:5: error: ‘bp_86cc234db5ee841f’ is not a member of ‘capnp::schemas’
        742 |     CAPNP_DECLARE_STRUCT_HEADER(86cc234db5ee841f, 0, 0)
            |     ^~~~~~~~~~~~~~~~~~~~~~~~~~~
      graph2tac/loader/clib/graph_api_v11.capnp.h: At global scope:
      graph2tac/loader/clib/graph_api_v11.capnp.h:766:5: error: ‘s_9b8d43a496c54946’ is not a member of ‘capnp::schemas’
        766 |     CAPNP_DECLARE_STRUCT_HEADER(9b8d43a496c54946, 2, 3)
            |     ^~~~~~~~~~~~~~~~~~~~~~~~~~~
      graph2tac/loader/clib/graph_api_v11.capnp.h: In static member function ‘static const capnp::word* PredictionProtocol::Request::_capnpPrivate::encodedSchema()’:
      graph2tac/loader/clib/graph_api_v11.capnp.h:766:5: error: ‘bp_9b8d43a496c54946’ is not a member of ‘capnp::schemas’
        766 |     CAPNP_DECLARE_STRUCT_HEADER(9b8d43a496c54946, 2, 3)
            |     ^~~~~~~~~~~~~~~~~~~~~~~~~~~
      graph2tac/loader/clib/graph_api_v11.capnp.h: At global scope:
      graph2tac/loader/clib/graph_api_v11.capnp.h:781:5: error: ‘s_eff22c2b88babf63’ is not a member of ‘capnp::schemas’
        781 |     CAPNP_DECLARE_STRUCT_HEADER(eff22c2b88babf63, 2, 3)
            |     ^~~~~~~~~~~~~~~~~~~~~~~~~~~
      graph2tac/loader/clib/graph_api_v11.capnp.h: In static member function ‘static const capnp::word* PredictionProtocol::Request::Initialize::_capnpPrivate::encodedSchema()’:
      graph2tac/loader/clib/graph_api_v11.capnp.h:781:5: error: ‘bp_eff22c2b88babf63’ is not a member of ‘capnp::schemas’
        781 |     CAPNP_DECLARE_STRUCT_HEADER(eff22c2b88babf63, 2, 3)
            |     ^~~~~~~~~~~~~~~~~~~~~~~~~~~
      graph2tac/loader/clib/graph_api_v11.capnp.h: At global scope:
      graph2tac/loader/clib/graph_api_v11.capnp.h:796:5: error: ‘s_cc8699eee046708c’ is not a member of ‘capnp::schemas’
        796 |     CAPNP_DECLARE_STRUCT_HEADER(cc8699eee046708c, 2, 3)
            |     ^~~~~~~~~~~~~~~~~~~~~~~~~~~
      graph2tac/loader/clib/graph_api_v11.capnp.h: In static member function ‘static const capnp::word* PredictionProtocol::Request::Predict::_capnpPrivate::encodedSchema()’:
      graph2tac/loader/clib/graph_api_v11.capnp.h:796:5: error: ‘bp_cc8699eee046708c’ is not a member of ‘capnp::schemas’
        796 |     CAPNP_DECLARE_STRUCT_HEADER(cc8699eee046708c, 2, 3)
            |     ^~~~~~~~~~~~~~~~~~~~~~~~~~~
      graph2tac/loader/clib/graph_api_v11.capnp.h: At global scope:
      graph2tac/loader/clib/graph_api_v11.capnp.h:811:5: error: ‘s_e457fd220aa98dab’ is not a member of ‘capnp::schemas’
        811 |     CAPNP_DECLARE_STRUCT_HEADER(e457fd220aa98dab, 2, 3)
            |     ^~~~~~~~~~~~~~~~~~~~~~~~~~~
      graph2tac/loader/clib/graph_api_v11.capnp.h: In static member function ‘static const capnp::word* PredictionProtocol::Request::CheckAlignment::_capnpPrivate::encodedSchema()’:
      graph2tac/loader/clib/graph_api_v11.capnp.h:811:5: error: ‘bp_e457fd220aa98dab’ is not a member of ‘capnp::schemas’
        811 |     CAPNP_DECLARE_STRUCT_HEADER(e457fd220aa98dab, 2, 3)
            |     ^~~~~~~~~~~~~~~~~~~~~~~~~~~
      graph2tac/loader/clib/graph_api_v11.capnp.h: At global scope:
      graph2tac/loader/clib/graph_api_v11.capnp.h:826:5: error: ‘s_a28d141ae20f8575’ is not a member of ‘capnp::schemas’
        826 |     CAPNP_DECLARE_STRUCT_HEADER(a28d141ae20f8575, 1, 2)
            |     ^~~~~~~~~~~~~~~~~~~~~~~~~~~
      graph2tac/loader/clib/graph_api_v11.capnp.h: In static member function ‘static const capnp::word* PredictionProtocol::Prediction::_capnpPrivate::encodedSchema()’:
      graph2tac/loader/clib/graph_api_v11.capnp.h:826:5: error: ‘bp_a28d141ae20f8575’ is not a member of ‘capnp::schemas’
        826 |     CAPNP_DECLARE_STRUCT_HEADER(a28d141ae20f8575, 1, 2)
            |     ^~~~~~~~~~~~~~~~~~~~~~~~~~~
      graph2tac/loader/clib/graph_api_v11.capnp.h: At global scope:
      graph2tac/loader/clib/graph_api_v11.capnp.h:841:5: error: ‘s_f53d6a3703579bf2’ is not a member of ‘capnp::schemas’
        841 |     CAPNP_DECLARE_STRUCT_HEADER(f53d6a3703579bf2, 1, 1)
            |     ^~~~~~~~~~~~~~~~~~~~~~~~~~~
      graph2tac/loader/clib/graph_api_v11.capnp.h: In static member function ‘static const capnp::word* PredictionProtocol::TextPrediction::_capnpPrivate::encodedSchema()’:
      graph2tac/loader/clib/graph_api_v11.capnp.h:841:5: error: ‘bp_f53d6a3703579bf2’ is not a member of ‘capnp::schemas’
        841 |     CAPNP_DECLARE_STRUCT_HEADER(f53d6a3703579bf2, 1, 1)
            |     ^~~~~~~~~~~~~~~~~~~~~~~~~~~
      graph2tac/loader/clib/graph_api_v11.capnp.h: At global scope:
      graph2tac/loader/clib/graph_api_v11.capnp.h:864:5: error: ‘s_8dc637f3f7972e99’ is not a member of ‘capnp::schemas’
        864 |     CAPNP_DECLARE_STRUCT_HEADER(8dc637f3f7972e99, 2, 2)
            |     ^~~~~~~~~~~~~~~~~~~~~~~~~~~
      graph2tac/loader/clib/graph_api_v11.capnp.h: In static member function ‘static const capnp::word* PredictionProtocol::Response::_capnpPrivate::encodedSchema()’:
      graph2tac/loader/clib/graph_api_v11.capnp.h:864:5: error: ‘bp_8dc637f3f7972e99’ is not a member of ‘capnp::schemas’
        864 |     CAPNP_DECLARE_STRUCT_HEADER(8dc637f3f7972e99, 2, 2)
            |     ^~~~~~~~~~~~~~~~~~~~~~~~~~~
      graph2tac/loader/clib/graph_api_v11.capnp.h: At global scope:
      graph2tac/loader/clib/graph_api_v11.capnp.h:879:5: error: ‘s_b0c8ed179cf79602’ is not a member of ‘capnp::schemas’
        879 |     CAPNP_DECLARE_STRUCT_HEADER(b0c8ed179cf79602, 2, 2)
            |     ^~~~~~~~~~~~~~~~~~~~~~~~~~~
      graph2tac/loader/clib/graph_api_v11.capnp.h: In static member function ‘static const capnp::word* PredictionProtocol::Response::Alignment::_capnpPrivate::encodedSchema()’:
      graph2tac/loader/clib/graph_api_v11.capnp.h:879:5: error: ‘bp_b0c8ed179cf79602’ is not a member of ‘capnp::schemas’
        879 |     CAPNP_DECLARE_STRUCT_HEADER(b0c8ed179cf79602, 2, 2)
            |     ^~~~~~~~~~~~~~~~~~~~~~~~~~~
      graph2tac/loader/clib/graph_api_v11.capnp.h: At global scope:
      graph2tac/loader/clib/graph_api_v11.capnp.h:894:5: error: ‘s_c48cd7d4b08f6e0d’ is not a member of ‘capnp::schemas’
        894 |     CAPNP_DECLARE_STRUCT_HEADER(c48cd7d4b08f6e0d, 1, 0)
            |     ^~~~~~~~~~~~~~~~~~~~~~~~~~~
      graph2tac/loader/clib/graph_api_v11.capnp.h: In static member function ‘static const capnp::word* FloatP::_capnpPrivate::encodedSchema()’:
      graph2tac/loader/clib/graph_api_v11.capnp.h:894:5: error: ‘bp_c48cd7d4b08f6e0d’ is not a member of ‘capnp::schemas’
        894 |     CAPNP_DECLARE_STRUCT_HEADER(c48cd7d4b08f6e0d, 1, 0)
            |     ^~~~~~~~~~~~~~~~~~~~~~~~~~~
      graph2tac/loader/clib/graph_api_v11.capnp.h: At global scope:
      graph2tac/loader/clib/graph_api_v11.capnp.h:909:5: error: ‘s_f88a732e4e28a7db’ is not a member of ‘capnp::schemas’
        909 |     CAPNP_DECLARE_STRUCT_HEADER(f88a732e4e28a7db, 1, 0)
            |     ^~~~~~~~~~~~~~~~~~~~~~~~~~~
      graph2tac/loader/clib/graph_api_v11.capnp.h: In static member function ‘static const capnp::word* IntP::_capnpPrivate::encodedSchema()’:
      graph2tac/loader/clib/graph_api_v11.capnp.h:909:5: error: ‘bp_f88a732e4e28a7db’ is not a member of ‘capnp::schemas’
        909 |     CAPNP_DECLARE_STRUCT_HEADER(f88a732e4e28a7db, 1, 0)
            |     ^~~~~~~~~~~~~~~~~~~~~~~~~~~
      In file included from graph2tac/loader/clib/graph_api_v11.capnp.cpp:4:
      graph2tac/loader/clib/graph_api_v11.capnp.h: At global scope:
      graph2tac/loader/clib/graph_api_v11.capnp.h:916:27: error: ‘EdgeClassification_eefa8806db7f7317’ in namespace ‘capnp::schemas’ does not name a type
        916 | typedef ::capnp::schemas::EdgeClassification_eefa8806db7f7317 EdgeClassification;
            |                           ^~~~~~~~~~~~~~~~~~~~~~~~~~~~~~~~~~~
      In file included from graph2tac/loader/clib/graph_api_v11.capnp.h:6,
                       from graph2tac/loader/clib/graph_api_v11.capnp.cpp:4:
      graph2tac/loader/clib/graph_api_v11.capnp.h:926:5: error: ‘s_9517386ebbd03014’ is not a member of ‘capnp::schemas’
        926 |     CAPNP_DECLARE_STRUCT_HEADER(9517386ebbd03014, 0, 1)
            |     ^~~~~~~~~~~~~~~~~~~~~~~~~~~
      graph2tac/loader/clib/graph_api_v11.capnp.h: In static member function ‘static const capnp::word* ConflatableEdges::_capnpPrivate::encodedSchema()’:
      graph2tac/loader/clib/graph_api_v11.capnp.h:926:5: error: ‘bp_9517386ebbd03014’ is not a member of ‘capnp::schemas’
        926 |     CAPNP_DECLARE_STRUCT_HEADER(9517386ebbd03014, 0, 1)
            |     ^~~~~~~~~~~~~~~~~~~~~~~~~~~
      In file included from graph2tac/loader/clib/graph_api_v11.capnp.cpp:4:
      graph2tac/loader/clib/graph_api_v11.capnp.h: At global scope:
      graph2tac/loader/clib/graph_api_v11.capnp.h:934:39: error: ‘::EdgeClassification’ has not been declared
        934 | extern const ::capnp::_::ConstList< ::EdgeClassification> IMPORTANT_EDGES;
            |                                       ^~~~~~~~~~~~~~~~~~
      graph2tac/loader/clib/graph_api_v11.capnp.h:934:57: error: template argument 1 is invalid
        934 | extern const ::capnp::_::ConstList< ::EdgeClassification> IMPORTANT_EDGES;
            |                                                         ^
      graph2tac/loader/clib/graph_api_v11.capnp.h:935:39: error: ‘::EdgeClassification’ has not been declared
        935 | extern const ::capnp::_::ConstList< ::EdgeClassification> LESS_IMPORTANT_EDGES;
            |                                       ^~~~~~~~~~~~~~~~~~
      graph2tac/loader/clib/graph_api_v11.capnp.h:935:57: error: template argument 1 is invalid
        935 | extern const ::capnp::_::ConstList< ::EdgeClassification> LESS_IMPORTANT_EDGES;
            |                                                         ^
      graph2tac/loader/clib/graph_api_v11.capnp.h:936:39: error: ‘::EdgeClassification’ has not been declared
        936 | extern const ::capnp::_::ConstList< ::EdgeClassification> LEAST_IMPORTANT_EDGES;
            |                                       ^~~~~~~~~~~~~~~~~~
      graph2tac/loader/clib/graph_api_v11.capnp.h:936:57: error: template argument 1 is invalid
        936 | extern const ::capnp::_::ConstList< ::EdgeClassification> LEAST_IMPORTANT_EDGES;
            |                                                         ^
      graph2tac/loader/clib/graph_api_v11.capnp.h:1048:13: error: ‘EdgeClassification’ in namespace ‘::’ does not name a type
       1048 |   inline  ::EdgeClassification getLabel() const;
            |             ^~~~~~~~~~~~~~~~~~
      graph2tac/loader/clib/graph_api_v11.capnp.h:1080:13: error: ‘EdgeClassification’ in namespace ‘::’ does not name a type
       1080 |   inline  ::EdgeClassification getLabel();
            |             ^~~~~~~~~~~~~~~~~~
      graph2tac/loader/clib/graph_api_v11.capnp.h:1081:25: error: ‘::EdgeClassification’ has not been declared
       1081 |   inline void setLabel( ::EdgeClassification value);
            |                         ^~
      graph2tac/loader/clib/graph_api_v11.capnp.h:3164:32: error: ‘DispatchCallResult’ in ‘class capnp::Capability::Server’ does not name a type
       3164 |   ::capnp::Capability::Server::DispatchCallResult dispatchCall(
            |                                ^~~~~~~~~~~~~~~~~~
      graph2tac/loader/clib/graph_api_v11.capnp.h:3180:32: error: ‘DispatchCallResult’ in ‘class capnp::Capability::Server’ does not name a type
       3180 |   ::capnp::Capability::Server::DispatchCallResult dispatchCallInternal(
            |                                ^~~~~~~~~~~~~~~~~~
      graph2tac/loader/clib/graph_api_v11.capnp.h:3393:32: error: ‘DispatchCallResult’ in ‘class capnp::Capability::Server’ does not name a type
       3393 |   ::capnp::Capability::Server::DispatchCallResult dispatchCall(
            |                                ^~~~~~~~~~~~~~~~~~
      graph2tac/loader/clib/graph_api_v11.capnp.h:3413:32: error: ‘DispatchCallResult’ in ‘class capnp::Capability::Server’ does not name a type
       3413 |   ::capnp::Capability::Server::DispatchCallResult dispatchCallInternal(
            |                                ^~~~~~~~~~~~~~~~~~
      graph2tac/loader/clib/graph_api_v11.capnp.h:3759:32: error: ‘DispatchCallResult’ in ‘class capnp::Capability::Server’ does not name a type
       3759 |   ::capnp::Capability::Server::DispatchCallResult dispatchCall(
            |                                ^~~~~~~~~~~~~~~~~~
      graph2tac/loader/clib/graph_api_v11.capnp.h:3775:32: error: ‘DispatchCallResult’ in ‘class capnp::Capability::Server’ does not name a type
       3775 |   ::capnp::Capability::Server::DispatchCallResult dispatchCallInternal(
            |                                ^~~~~~~~~~~~~~~~~~
      graph2tac/loader/clib/graph_api_v11.capnp.h:3990:32: error: ‘DispatchCallResult’ in ‘class capnp::Capability::Server’ does not name a type
       3990 |   ::capnp::Capability::Server::DispatchCallResult dispatchCall(
            |                                ^~~~~~~~~~~~~~~~~~
      graph2tac/loader/clib/graph_api_v11.capnp.h:4006:32: error: ‘DispatchCallResult’ in ‘class capnp::Capability::Server’ does not name a type
       4006 |   ::capnp::Capability::Server::DispatchCallResult dispatchCallInternal(
            |                                ^~~~~~~~~~~~~~~~~~
      graph2tac/loader/clib/graph_api_v11.capnp.h:5200:28: error: ‘::EdgeClassification’ has not been declared
       5200 |   inline  ::capnp::List< ::EdgeClassification,  ::capnp::Kind::ENUM>::Reader getConflatable() const;
            |                            ^~~~~~~~~~~~~~~~~~
      graph2tac/loader/clib/graph_api_v11.capnp.h:5200:68: error: template argument 1 is invalid
       5200 |   inline  ::capnp::List< ::EdgeClassification,  ::capnp::Kind::ENUM>::Reader getConflatable() const;
            |                                                                    ^
      graph2tac/loader/clib/graph_api_v11.capnp.h:5200:3: error: ‘Reader’ declared as an ‘inline’ field
       5200 |   inline  ::capnp::List< ::EdgeClassification,  ::capnp::Kind::ENUM>::Reader getConflatable() const;
            |   ^~~~~~
      graph2tac/loader/clib/graph_api_v11.capnp.h:5200:71: error: expected ‘;’ at end of member declaration
       5200 |   inline  ::capnp::List< ::EdgeClassification,  ::capnp::Kind::ENUM>::Reader getConflatable() const;
            |                                                                       ^~~~~~
            |                                                                             ;
      graph2tac/loader/clib/graph_api_v11.capnp.h:5200:78: error: ISO C++ forbids declaration of ‘getConflatable’ with no type [-fpermissive]
       5200 |   inline  ::capnp::List< ::EdgeClassification,  ::capnp::Kind::ENUM>::Reader getConflatable() const;
            |                                                                              ^~~~~~~~~~~~~~
      graph2tac/loader/clib/graph_api_v11.capnp.h:5200:71: error: field ‘int ConflatableEdges::Reader::Reader’ with same name as class [-fpermissive]
       5200 |   inline  ::capnp::List< ::EdgeClassification,  ::capnp::Kind::ENUM>::Reader getConflatable() const;
            |                                                                       ^~~~~~
      graph2tac/loader/clib/graph_api_v11.capnp.h:5231:28: error: ‘::EdgeClassification’ has not been declared
       5231 |   inline  ::capnp::List< ::EdgeClassification,  ::capnp::Kind::ENUM>::Builder getConflatable();
            |                            ^~~~~~~~~~~~~~~~~~
      graph2tac/loader/clib/graph_api_v11.capnp.h:5231:68: error: template argument 1 is invalid
       5231 |   inline  ::capnp::List< ::EdgeClassification,  ::capnp::Kind::ENUM>::Builder getConflatable();
            |                                                                    ^
      graph2tac/loader/clib/graph_api_v11.capnp.h:5231:3: error: ‘Builder’ declared as an ‘inline’ field
       5231 |   inline  ::capnp::List< ::EdgeClassification,  ::capnp::Kind::ENUM>::Builder getConflatable();
            |   ^~~~~~
      graph2tac/loader/clib/graph_api_v11.capnp.h:5231:71: error: expected ‘;’ at end of member declaration
       5231 |   inline  ::capnp::List< ::EdgeClassification,  ::capnp::Kind::ENUM>::Builder getConflatable();
            |                                                                       ^~~~~~~
            |                                                                              ;
      graph2tac/loader/clib/graph_api_v11.capnp.h:5231:79: error: ISO C++ forbids declaration of ‘getConflatable’ with no type [-fpermissive]
       5231 |   inline  ::capnp::List< ::EdgeClassification,  ::capnp::Kind::ENUM>::Builder getConflatable();
            |                                                                               ^~~~~~~~~~~~~~
      graph2tac/loader/clib/graph_api_v11.capnp.h:5232:48: error: ‘::EdgeClassification’ has not been declared
       5232 |   inline void setConflatable( ::capnp::List< ::EdgeClassification,  ::capnp::Kind::ENUM>::Reader value);
            |                                                ^~~~~~~~~~~~~~~~~~
      graph2tac/loader/clib/graph_api_v11.capnp.h:5232:88: error: template argument 1 is invalid
       5232 |   inline void setConflatable( ::capnp::List< ::EdgeClassification,  ::capnp::Kind::ENUM>::Reader value);
            |                                                                                        ^
      graph2tac/loader/clib/graph_api_v11.capnp.h:5232:98: error: expected ‘,’ or ‘...’ before ‘value’
       5232 |   inline void setConflatable( ::capnp::List< ::EdgeClassification,  ::capnp::Kind::ENUM>::Reader value);
            |                                                                                                  ^~~~~
      graph2tac/loader/clib/graph_api_v11.capnp.h:5233:52: error: ISO C++ forbids declaration of ‘type name’ with no type [-fpermissive]
       5233 |   inline void setConflatable(::kj::ArrayPtr<const  ::EdgeClassification> value);
            |                                                    ^~
      graph2tac/loader/clib/graph_api_v11.capnp.h:5233:72: error: template argument 1 is invalid
       5233 |   inline void setConflatable(::kj::ArrayPtr<const  ::EdgeClassification> value);
            |                                                                        ^
      graph2tac/loader/clib/graph_api_v11.capnp.h:5233:52: error: ISO C++ forbids declaration of ‘type name’ with no type [-fpermissive]
       5233 |   inline void setConflatable(::kj::ArrayPtr<const  ::EdgeClassification> value);
            |                                                    ^~
      graph2tac/loader/clib/graph_api_v11.capnp.h:5233:72: error: template argument 1 is invalid
       5233 |   inline void setConflatable(::kj::ArrayPtr<const  ::EdgeClassification> value);
            |                                                                        ^
      graph2tac/loader/clib/graph_api_v11.capnp.h:5233:52: error: ISO C++ forbids declaration of ‘type name’ with no type [-fpermissive]
       5233 |   inline void setConflatable(::kj::ArrayPtr<const  ::EdgeClassification> value);
            |                                                    ^~
      graph2tac/loader/clib/graph_api_v11.capnp.h:5233:72: error: template argument 1 is invalid
       5233 |   inline void setConflatable(::kj::ArrayPtr<const  ::EdgeClassification> value);
            |                                                                        ^
      graph2tac/loader/clib/graph_api_v11.capnp.h:5233:30: error: invalid template-id
       5233 |   inline void setConflatable(::kj::ArrayPtr<const  ::EdgeClassification> value);
            |                              ^~
      graph2tac/loader/clib/graph_api_v11.capnp.h:5233:52: error: ISO C++ forbids declaration of ‘type name’ with no type [-fpermissive]
       5233 |   inline void setConflatable(::kj::ArrayPtr<const  ::EdgeClassification> value);
            |                                                    ^~
      graph2tac/loader/clib/graph_api_v11.capnp.h:5233:45: error: expected primary-expression before ‘const’
       5233 |   inline void setConflatable(::kj::ArrayPtr<const  ::EdgeClassification> value);
            |                                             ^~~~~
      graph2tac/loader/clib/graph_api_v11.capnp.h:5233:45: error: expected ‘>’ before ‘const’
      graph2tac/loader/clib/graph_api_v11.capnp.h:5233:30: error: class template placeholder ‘kj::ArrayPtr’ not permitted in this context
       5233 |   inline void setConflatable(::kj::ArrayPtr<const  ::EdgeClassification> value);
            |                              ^~
      graph2tac/loader/clib/graph_api_v11.capnp.h:5234:28: error: ‘::EdgeClassification’ has not been declared
       5234 |   inline  ::capnp::List< ::EdgeClassification,  ::capnp::Kind::ENUM>::Builder initConflatable(unsigned int size);
            |                            ^~~~~~~~~~~~~~~~~~
      graph2tac/loader/clib/graph_api_v11.capnp.h:5234:68: error: template argument 1 is invalid
       5234 |   inline  ::capnp::List< ::EdgeClassification,  ::capnp::Kind::ENUM>::Builder initConflatable(unsigned int size);
            |                                                                    ^
      graph2tac/loader/clib/graph_api_v11.capnp.h:5234:3: error: ‘Builder’ declared as an ‘inline’ field
       5234 |   inline  ::capnp::List< ::EdgeClassification,  ::capnp::Kind::ENUM>::Builder initConflatable(unsigned int size);
            |   ^~~~~~
      graph2tac/loader/clib/graph_api_v11.capnp.h:5234:71: error: expected ‘;’ at end of member declaration
       5234 |   inline  ::capnp::List< ::EdgeClassification,  ::capnp::Kind::ENUM>::Builder initConflatable(unsigned int size);
            |                                                                       ^~~~~~~
            |                                                                              ;
      graph2tac/loader/clib/graph_api_v11.capnp.h:5234:71: error: redeclaration of ‘int ConflatableEdges::Builder::Builder’
      graph2tac/loader/clib/graph_api_v11.capnp.h:5231:71: note: previous declaration ‘int ConflatableEdges::Builder::Builder’
       5231 |   inline  ::capnp::List< ::EdgeClassification,  ::capnp::Kind::ENUM>::Builder getConflatable();
            |                                                                       ^~~~~~~
      graph2tac/loader/clib/graph_api_v11.capnp.h:5234:79: error: ISO C++ forbids declaration of ‘initConflatable’ with no type [-fpermissive]
       5234 |   inline  ::capnp::List< ::EdgeClassification,  ::capnp::Kind::ENUM>::Builder initConflatable(unsigned int size);
            |                                                                               ^~~~~~~~~~~~~~~
      graph2tac/loader/clib/graph_api_v11.capnp.h:5235:66: error: ‘::EdgeClassification’ has not been declared
       5235 |   inline void adoptConflatable(::capnp::Orphan< ::capnp::List< ::EdgeClassification,  ::capnp::Kind::ENUM>>&& value);
            |                                                                  ^~~~~~~~~~~~~~~~~~
      graph2tac/loader/clib/graph_api_v11.capnp.h:5235:102: error: template argument 1 is invalid
       5235 |   inline void adoptConflatable(::capnp::Orphan< ::capnp::List< ::EdgeClassification,  ::capnp::Kind::ENUM>>&& value);
            |                                                                                                      ^~~~
      graph2tac/loader/clib/graph_api_v11.capnp.h:5235:106: error: template argument 1 is invalid
       5235 |   inline void adoptConflatable(::capnp::Orphan< ::capnp::List< ::EdgeClassification,  ::capnp::Kind::ENUM>>&& value);
            |                                                                                                          ^~
      graph2tac/loader/clib/graph_api_v11.capnp.h:5236:44: error: ‘::EdgeClassification’ has not been declared
       5236 |   inline ::capnp::Orphan< ::capnp::List< ::EdgeClassification,  ::capnp::Kind::ENUM>> disownConflatable();
            |                                            ^~~~~~~~~~~~~~~~~~
      graph2tac/loader/clib/graph_api_v11.capnp.h:5236:80: error: template argument 1 is invalid
       5236 |   inline ::capnp::Orphan< ::capnp::List< ::EdgeClassification,  ::capnp::Kind::ENUM>> disownConflatable();
            |                                                                                ^~~~
      graph2tac/loader/clib/graph_api_v11.capnp.h:5236:84: error: template argument 1 is invalid
       5236 |   inline ::capnp::Orphan< ::capnp::List< ::EdgeClassification,  ::capnp::Kind::ENUM>> disownConflatable();
            |                                                                                    ^~
      graph2tac/loader/clib/graph_api_v11.capnp.h:5231:71: error: field ‘int ConflatableEdges::Builder::Builder’ with same name as class [-fpermissive]
       5231 |   inline  ::capnp::List< ::EdgeClassification,  ::capnp::Kind::ENUM>::Builder getConflatable();
            |                                                                       ^~~~~~~
      graph2tac/loader/clib/graph_api_v11.capnp.h:5334:11: error: ‘EdgeClassification’ in namespace ‘::’ does not name a type
       5334 | inline  ::EdgeClassification Graph::EdgeTarget::Reader::getLabel() const {
            |           ^~~~~~~~~~~~~~~~~~
      graph2tac/loader/clib/graph_api_v11.capnp.h:5339:11: error: ‘EdgeClassification’ in namespace ‘::’ does not name a type
       5339 | inline  ::EdgeClassification Graph::EdgeTarget::Builder::getLabel() {
            |           ^~~~~~~~~~~~~~~~~~
      graph2tac/loader/clib/graph_api_v11.capnp.h:5343:13: error: variable or field ‘setLabel’ declared void
       5343 | inline void Graph::EdgeTarget::Builder::setLabel( ::EdgeClassification value) {
            |             ^~~~~
      graph2tac/loader/clib/graph_api_v11.capnp.h:5343:53: error: ‘::EdgeClassification’ has not been declared
       5343 | inline void Graph::EdgeTarget::Builder::setLabel( ::EdgeClassification value) {
            |                                                     ^~~~~~~~~~~~~~~~~~
      graph2tac/loader/clib/graph_api_v11.capnp.h:9333:26: error: ‘::EdgeClassification’ has not been declared
       9333 | inline  ::capnp::List< ::EdgeClassification,  ::capnp::Kind::ENUM>::Reader ConflatableEdges::Reader::getConflatable() const {
            |                          ^~~~~~~~~~~~~~~~~~
      graph2tac/loader/clib/graph_api_v11.capnp.h:9333:66: error: template argument 1 is invalid
       9333 | inline  ::capnp::List< ::EdgeClassification,  ::capnp::Kind::ENUM>::Reader ConflatableEdges::Reader::getConflatable() const {
            |                                                                  ^
      graph2tac/loader/clib/graph_api_v11.capnp.h:9333:76: error: expected initializer before ‘ConflatableEdges’
       9333 | inline  ::capnp::List< ::EdgeClassification,  ::capnp::Kind::ENUM>::Reader ConflatableEdges::Reader::getConflatable() const {
            |                                                                            ^~~~~~~~~~~~~~~~
      graph2tac/loader/clib/graph_api_v11.capnp.h:9337:26: error: ‘::EdgeClassification’ has not been declared
       9337 | inline  ::capnp::List< ::EdgeClassification,  ::capnp::Kind::ENUM>::Builder ConflatableEdges::Builder::getConflatable() {
            |                          ^~~~~~~~~~~~~~~~~~
      graph2tac/loader/clib/graph_api_v11.capnp.h:9337:66: error: template argument 1 is invalid
       9337 | inline  ::capnp::List< ::EdgeClassification,  ::capnp::Kind::ENUM>::Builder ConflatableEdges::Builder::getConflatable() {
            |                                                                  ^
      graph2tac/loader/clib/graph_api_v11.capnp.h:9337:77: error: expected initializer before ‘ConflatableEdges’
       9337 | inline  ::capnp::List< ::EdgeClassification,  ::capnp::Kind::ENUM>::Builder ConflatableEdges::Builder::getConflatable() {
            |                                                                             ^~~~~~~~~~~~~~~~
      graph2tac/loader/clib/graph_api_v11.capnp.h:9341:73: error: ‘::EdgeClassification’ has not been declared
       9341 | inline void ConflatableEdges::Builder::setConflatable( ::capnp::List< ::EdgeClassification,  ::capnp::Kind::ENUM>::Reader value) {
            |                                                                         ^~~~~~~~~~~~~~~~~~
      graph2tac/loader/clib/graph_api_v11.capnp.h:9341:113: error: template argument 1 is invalid
       9341 | inline void ConflatableEdges::Builder::setConflatable( ::capnp::List< ::EdgeClassification,  ::capnp::Kind::ENUM>::Reader value) {
            |                                                                                                                 ^
      graph2tac/loader/clib/graph_api_v11.capnp.h:9341:123: error: expected ‘,’ or ‘...’ before ‘value’
       9341 | inline void ConflatableEdges::Builder::setConflatable( ::capnp::List< ::EdgeClassification,  ::capnp::Kind::ENUM>::Reader value) {
            |                                                                                                                           ^~~~~
      graph2tac/loader/clib/graph_api_v11.capnp.h: In member function ‘void ConflatableEdges::Builder::setConflatable(int)’:
      graph2tac/loader/clib/graph_api_v11.capnp.h:9342:48: error: ‘::EdgeClassification’ has not been declared
       9342 |   ::capnp::_::PointerHelpers< ::capnp::List< ::EdgeClassification,  ::capnp::Kind::ENUM>>::set(_builder.getPointerField(
            |                                                ^~~~~~~~~~~~~~~~~~
      graph2tac/loader/clib/graph_api_v11.capnp.h:9342:84: error: template argument 1 is invalid
       9342 |   ::capnp::_::PointerHelpers< ::capnp::List< ::EdgeClassification,  ::capnp::Kind::ENUM>>::set(_builder.getPointerField(
            |                                                                                    ^~~~
      graph2tac/loader/clib/graph_api_v11.capnp.h:9342:88: error: template argument 1 is invalid
       9342 |   ::capnp::_::PointerHelpers< ::capnp::List< ::EdgeClassification,  ::capnp::Kind::ENUM>>::set(_builder.getPointerField(
            |                                                                                        ^~
      graph2tac/loader/clib/graph_api_v11.capnp.h:9342:88: error: template argument 2 is invalid
      graph2tac/loader/clib/graph_api_v11.capnp.h:9343:51: error: ‘value’ was not declared in this scope
       9343 |       ::capnp::bounded<0>() * ::capnp::POINTERS), value);
            |                                                   ^~~~~
      graph2tac/loader/clib/graph_api_v11.capnp.h:9343:56: error: expression list treated as compound expression in initializer [-fpermissive]
       9343 |       ::capnp::bounded<0>() * ::capnp::POINTERS), value);
            |                                                        ^
      graph2tac/loader/clib/graph_api_v11.capnp.h:9342:92: warning: unused variable ‘set’ [-Wunused-variable]
       9342 |   ::capnp::_::PointerHelpers< ::capnp::List< ::EdgeClassification,  ::capnp::Kind::ENUM>>::set(_builder.getPointerField(
            |                                                                                            ^~~
      graph2tac/loader/clib/graph_api_v11.capnp.h: At global scope:
      graph2tac/loader/clib/graph_api_v11.capnp.h:9345:77: error: ISO C++ forbids declaration of ‘type name’ with no type [-fpermissive]
       9345 | inline void ConflatableEdges::Builder::setConflatable(::kj::ArrayPtr<const  ::EdgeClassification> value) {
            |                                                                             ^~
      graph2tac/loader/clib/graph_api_v11.capnp.h:9345:97: error: template argument 1 is invalid
       9345 | inline void ConflatableEdges::Builder::setConflatable(::kj::ArrayPtr<const  ::EdgeClassification> value) {
            |                                                                                                 ^
      graph2tac/loader/clib/graph_api_v11.capnp.h:9345:77: error: ISO C++ forbids declaration of ‘type name’ with no type [-fpermissive]
       9345 | inline void ConflatableEdges::Builder::setConflatable(::kj::ArrayPtr<const  ::EdgeClassification> value) {
            |                                                                             ^~
      graph2tac/loader/clib/graph_api_v11.capnp.h:9345:97: error: template argument 1 is invalid
       9345 | inline void ConflatableEdges::Builder::setConflatable(::kj::ArrayPtr<const  ::EdgeClassification> value) {
            |                                                                                                 ^
      graph2tac/loader/clib/graph_api_v11.capnp.h:9345:77: error: ISO C++ forbids declaration of ‘type name’ with no type [-fpermissive]
       9345 | inline void ConflatableEdges::Builder::setConflatable(::kj::ArrayPtr<const  ::EdgeClassification> value) {
            |                                                                             ^~
      graph2tac/loader/clib/graph_api_v11.capnp.h:9345:97: error: template argument 1 is invalid
       9345 | inline void ConflatableEdges::Builder::setConflatable(::kj::ArrayPtr<const  ::EdgeClassification> value) {
            |                                                                                                 ^
      graph2tac/loader/clib/graph_api_v11.capnp.h:9345:55: error: invalid template-id
       9345 | inline void ConflatableEdges::Builder::setConflatable(::kj::ArrayPtr<const  ::EdgeClassification> value) {
            |                                                       ^~
      graph2tac/loader/clib/graph_api_v11.capnp.h:9345:77: error: ISO C++ forbids declaration of ‘type name’ with no type [-fpermissive]
       9345 | inline void ConflatableEdges::Builder::setConflatable(::kj::ArrayPtr<const  ::EdgeClassification> value) {
            |                                                                             ^~
      graph2tac/loader/clib/graph_api_v11.capnp.h:9345:13: error: variable or field ‘setConflatable’ declared void
       9345 | inline void ConflatableEdges::Builder::setConflatable(::kj::ArrayPtr<const  ::EdgeClassification> value) {
            |             ^~~~~~~~~~~~~~~~
      graph2tac/loader/clib/graph_api_v11.capnp.h:9345:99: error: missing template arguments before ‘value’
       9345 | inline void ConflatableEdges::Builder::setConflatable(::kj::ArrayPtr<const  ::EdgeClassification> value) {
            |                                                                                                   ^~~~~
      graph2tac/loader/clib/graph_api_v11.capnp.h:9349:26: error: ‘::EdgeClassification’ has not been declared
       9349 | inline  ::capnp::List< ::EdgeClassification,  ::capnp::Kind::ENUM>::Builder ConflatableEdges::Builder::initConflatable(unsigned int size) {
            |                          ^~~~~~~~~~~~~~~~~~
      graph2tac/loader/clib/graph_api_v11.capnp.h:9349:66: error: template argument 1 is invalid
       9349 | inline  ::capnp::List< ::EdgeClassification,  ::capnp::Kind::ENUM>::Builder ConflatableEdges::Builder::initConflatable(unsigned int size) {
            |                                                                  ^
      graph2tac/loader/clib/graph_api_v11.capnp.h:9349:77: error: expected initializer before ‘ConflatableEdges’
       9349 | inline  ::capnp::List< ::EdgeClassification,  ::capnp::Kind::ENUM>::Builder ConflatableEdges::Builder::initConflatable(unsigned int size) {
            |                                                                             ^~~~~~~~~~~~~~~~
      graph2tac/loader/clib/graph_api_v11.capnp.h:9354:39: error: ‘::EdgeClassification’ has not been declared
       9354 |     ::capnp::Orphan< ::capnp::List< ::EdgeClassification,  ::capnp::Kind::ENUM>>&& value) {
            |                                       ^~~~~~~~~~~~~~~~~~
      graph2tac/loader/clib/graph_api_v11.capnp.h:9354:75: error: template argument 1 is invalid
       9354 |     ::capnp::Orphan< ::capnp::List< ::EdgeClassification,  ::capnp::Kind::ENUM>>&& value) {
            |                                                                           ^~~~
      graph2tac/loader/clib/graph_api_v11.capnp.h:9354:79: error: template argument 1 is invalid
       9354 |     ::capnp::Orphan< ::capnp::List< ::EdgeClassification,  ::capnp::Kind::ENUM>>&& value) {
            |                                                                               ^~
      graph2tac/loader/clib/graph_api_v11.capnp.h: In member function ‘void ConflatableEdges::Builder::adoptConflatable(int&&)’:
      graph2tac/loader/clib/graph_api_v11.capnp.h:9355:48: error: ‘::EdgeClassification’ has not been declared
       9355 |   ::capnp::_::PointerHelpers< ::capnp::List< ::EdgeClassification,  ::capnp::Kind::ENUM>>::adopt(_builder.getPointerField(
            |                                                ^~~~~~~~~~~~~~~~~~
      graph2tac/loader/clib/graph_api_v11.capnp.h:9355:84: error: template argument 1 is invalid
       9355 |   ::capnp::_::PointerHelpers< ::capnp::List< ::EdgeClassification,  ::capnp::Kind::ENUM>>::adopt(_builder.getPointerField(
            |                                                                                    ^~~~
      graph2tac/loader/clib/graph_api_v11.capnp.h:9355:88: error: template argument 1 is invalid
       9355 |   ::capnp::_::PointerHelpers< ::capnp::List< ::EdgeClassification,  ::capnp::Kind::ENUM>>::adopt(_builder.getPointerField(
            |                                                                                        ^~
      graph2tac/loader/clib/graph_api_v11.capnp.h:9355:88: error: template argument 2 is invalid
      graph2tac/loader/clib/graph_api_v11.capnp.h:9356:64: error: expression list treated as compound expression in initializer [-fpermissive]
       9356 |       ::capnp::bounded<0>() * ::capnp::POINTERS), kj::mv(value));
            |                                                                ^
      graph2tac/loader/clib/graph_api_v11.capnp.h:9355:92: warning: unused variable ‘adopt’ [-Wunused-variable]
       9355 |   ::capnp::_::PointerHelpers< ::capnp::List< ::EdgeClassification,  ::capnp::Kind::ENUM>>::adopt(_builder.getPointerField(
            |                                                                                            ^~~~~
      graph2tac/loader/clib/graph_api_v11.capnp.h: At global scope:
      graph2tac/loader/clib/graph_api_v11.capnp.h:9358:42: error: ‘::EdgeClassification’ has not been declared
       9358 | inline ::capnp::Orphan< ::capnp::List< ::EdgeClassification,  ::capnp::Kind::ENUM>> ConflatableEdges::Builder::disownConflatable() {
            |                                          ^~~~~~~~~~~~~~~~~~
      graph2tac/loader/clib/graph_api_v11.capnp.h:9358:78: error: template argument 1 is invalid
       9358 | inline ::capnp::Orphan< ::capnp::List< ::EdgeClassification,  ::capnp::Kind::ENUM>> ConflatableEdges::Builder::disownConflatable() {
            |                                                                              ^~~~
      graph2tac/loader/clib/graph_api_v11.capnp.h:9358:82: error: template argument 1 is invalid
       9358 | inline ::capnp::Orphan< ::capnp::List< ::EdgeClassification,  ::capnp::Kind::ENUM>> ConflatableEdges::Builder::disownConflatable() {
            |                                                                                  ^~
      graph2tac/loader/clib/graph_api_v11.capnp.h: In member function ‘int ConflatableEdges::Builder::disownConflatable()’:
      graph2tac/loader/clib/graph_api_v11.capnp.h:9359:55: error: ‘::EdgeClassification’ has not been declared
       9359 |   return ::capnp::_::PointerHelpers< ::capnp::List< ::EdgeClassification,  ::capnp::Kind::ENUM>>::disown(_builder.getPointerField(
            |                                                       ^~~~~~~~~~~~~~~~~~
      graph2tac/loader/clib/graph_api_v11.capnp.h:9359:91: error: template argument 1 is invalid
       9359 |   return ::capnp::_::PointerHelpers< ::capnp::List< ::EdgeClassification,  ::capnp::Kind::ENUM>>::disown(_builder.getPointerField(
            |                                                                                           ^~~~
      graph2tac/loader/clib/graph_api_v11.capnp.h:9359:95: error: template argument 1 is invalid
       9359 |   return ::capnp::_::PointerHelpers< ::capnp::List< ::EdgeClassification,  ::capnp::Kind::ENUM>>::disown(_builder.getPointerField(
            |                                                                                               ^~
      graph2tac/loader/clib/graph_api_v11.capnp.h:9359:95: error: template argument 2 is invalid
      graph2tac/loader/clib/graph_api_v11.capnp.h: At global scope:
      graph2tac/loader/clib/graph_api_v11.capnp.h:9364:1: error: ‘CAPNP_END_HEADER’ does not name a type
       9364 | CAPNP_END_HEADER
            | ^~~~~~~~~~~~~~~~
      graph2tac/loader/clib/graph_api_v11.capnp.cpp:4519:30: error: ‘DispatchCallResult’ in ‘class capnp::Capability::Server’ does not name a type
       4519 | ::capnp::Capability::Server::DispatchCallResult ProofObject::Server::dispatchCall(
            |                              ^~~~~~~~~~~~~~~~~~
      graph2tac/loader/clib/graph_api_v11.capnp.cpp:4529:30: error: ‘DispatchCallResult’ in ‘class capnp::Capability::Server’ does not name a type
       4529 | ::capnp::Capability::Server::DispatchCallResult ProofObject::Server::dispatchCallInternal(
            |                              ^~~~~~~~~~~~~~~~~~
      graph2tac/loader/clib/graph_api_v11.capnp.cpp:4591:30: error: ‘DispatchCallResult’ in ‘class capnp::Capability::Server’ does not name a type
       4591 | ::capnp::Capability::Server::DispatchCallResult AvailableTactics::Server::dispatchCall(
            |                              ^~~~~~~~~~~~~~~~~~
      graph2tac/loader/clib/graph_api_v11.capnp.cpp:4601:30: error: ‘DispatchCallResult’ in ‘class capnp::Capability::Server’ does not name a type
       4601 | ::capnp::Capability::Server::DispatchCallResult AvailableTactics::Server::dispatchCallInternal(
            |                              ^~~~~~~~~~~~~~~~~~
      graph2tac/loader/clib/graph_api_v11.capnp.cpp:4675:30: error: ‘DispatchCallResult’ in ‘class capnp::Capability::Server’ does not name a type
       4675 | ::capnp::Capability::Server::DispatchCallResult PullReinforce::Server::dispatchCall(
            |                              ^~~~~~~~~~~~~~~~~~
      graph2tac/loader/clib/graph_api_v11.capnp.cpp:4685:30: error: ‘DispatchCallResult’ in ‘class capnp::Capability::Server’ does not name a type
       4685 | ::capnp::Capability::Server::DispatchCallResult PullReinforce::Server::dispatchCallInternal(
            |                              ^~~~~~~~~~~~~~~~~~
      graph2tac/loader/clib/graph_api_v11.capnp.cpp:4737:30: error: ‘DispatchCallResult’ in ‘class capnp::Capability::Server’ does not name a type
       4737 | ::capnp::Capability::Server::DispatchCallResult PushReinforce::Server::dispatchCall(
            |                              ^~~~~~~~~~~~~~~~~~
      graph2tac/loader/clib/graph_api_v11.capnp.cpp:4747:30: error: ‘DispatchCallResult’ in ‘class capnp::Capability::Server’ does not name a type
       4747 | ::capnp::Capability::Server::DispatchCallResult PushReinforce::Server::dispatchCallInternal(
            |                              ^~~~~~~~~~~~~~~~~~
      graph2tac/loader/clib/graph_api_v11.capnp.cpp:4884:86: error: ‘b_a9a37c2b8fe25e0c’ is not a member of ‘capnp::schemas’
       4884 | const ::capnp::_::ConstList< ::ConflatableEdges> CONFLATABLE_EDGES(::capnp::schemas::b_a9a37c2b8fe25e0c.words + 31);
            |                                                                                      ^~~~~~~~~~~~~~~~~~
      graph2tac/loader/clib/graph_api_v11.capnp.cpp:4885:32: error: ‘::EdgeClassification’ has not been declared
       4885 | const ::capnp::_::ConstList< ::EdgeClassification> IMPORTANT_EDGES(::capnp::schemas::b_b39f166503bcbfbc.words + 31);
            |                                ^~~~~~~~~~~~~~~~~~
      graph2tac/loader/clib/graph_api_v11.capnp.cpp:4885:50: error: template argument 1 is invalid
       4885 | const ::capnp::_::ConstList< ::EdgeClassification> IMPORTANT_EDGES(::capnp::schemas::b_b39f166503bcbfbc.words + 31);
            |                                                  ^
      graph2tac/loader/clib/graph_api_v11.capnp.cpp:4885:86: error: ‘b_b39f166503bcbfbc’ is not a member of ‘capnp::schemas’
       4885 | const ::capnp::_::ConstList< ::EdgeClassification> IMPORTANT_EDGES(::capnp::schemas::b_b39f166503bcbfbc.words + 31);
            |                                                                                      ^~~~~~~~~~~~~~~~~~
      graph2tac/loader/clib/graph_api_v11.capnp.cpp:4886:32: error: ‘::EdgeClassification’ has not been declared
       4886 | const ::capnp::_::ConstList< ::EdgeClassification> LESS_IMPORTANT_EDGES(::capnp::schemas::b_b3d755a192e2bb7d.words + 31);
            |                                ^~~~~~~~~~~~~~~~~~
      graph2tac/loader/clib/graph_api_v11.capnp.cpp:4886:50: error: template argument 1 is invalid
       4886 | const ::capnp::_::ConstList< ::EdgeClassification> LESS_IMPORTANT_EDGES(::capnp::schemas::b_b3d755a192e2bb7d.words + 31);
            |                                                  ^
      graph2tac/loader/clib/graph_api_v11.capnp.cpp:4886:91: error: ‘b_b3d755a192e2bb7d’ is not a member of ‘capnp::schemas’
       4886 | const ::capnp::_::ConstList< ::EdgeClassification> LESS_IMPORTANT_EDGES(::capnp::schemas::b_b3d755a192e2bb7d.words + 31);
            |                                                                                           ^~~~~~~~~~~~~~~~~~
      graph2tac/loader/clib/graph_api_v11.capnp.cpp:4887:32: error: ‘::EdgeClassification’ has not been declared
       4887 | const ::capnp::_::ConstList< ::EdgeClassification> LEAST_IMPORTANT_EDGES(::capnp::schemas::b_cbc677a94944e4bb.words + 31);
            |                                ^~~~~~~~~~~~~~~~~~
      graph2tac/loader/clib/graph_api_v11.capnp.cpp:4887:50: error: template argument 1 is invalid
       4887 | const ::capnp::_::ConstList< ::EdgeClassification> LEAST_IMPORTANT_EDGES(::capnp::schemas::b_cbc677a94944e4bb.words + 31);
            |                                                  ^
      graph2tac/loader/clib/graph_api_v11.capnp.cpp:4887:92: error: ‘b_cbc677a94944e4bb’ is not a member of ‘capnp::schemas’
       4887 | const ::capnp::_::ConstList< ::EdgeClassification> LEAST_IMPORTANT_EDGES(::capnp::schemas::b_cbc677a94944e4bb.words + 31);
            |                                                                                            ^~~~~~~~~~~~~~~~~~
      graph2tac/loader/clib/graph_api_v11.capnp.cpp:4888:82: error: ‘b_eabc15747f397b2e’ is not a member of ‘capnp::schemas’
       4888 | const ::capnp::_::ConstList< ::ConflatableEdges> GROUPED_EDGES(::capnp::schemas::b_eabc15747f397b2e.words + 30);
            |                                                                                  ^~~~~~~~~~~~~~~~~~
      error: command '/opt/apps/software/GCCcore/11.2.0/bin/gcc' failed with exit code 1
      [end of output]
  
  note: This error originates from a subprocess, and is likely not a problem with pip.
error: legacy-install-failure

× Encountered error while trying to install package.
╰─> graph2tac

note: This is an issue with the package mentioned above, not pip.
hint: See above for output from the failure.
WARNING: You are using pip version 22.0.4; however, version 22.1.2 is available.
You should consider upgrading via the '/tmp/tactician.tmp.Z4pYgC/target-source/venv/bin/python3 -m pip install --upgrade pip' command.
