[1;34m[NOTE][0m Package coq-coqprime-generator is already installed (current version is
       1.1.1).
[1;34m[NOTE][0m Package coq-tactician-stdlib is already installed (current version is
       8.16.dev).
[31m[ERROR][0m The compilation of coq-mathcomp-apery.1.0.2 failed at "make -j55".
[31m[ERROR][0m The compilation of coq-prosa.0.5 failed at "make -j55".
[1;34m[NOTE][0m Package coq-coqprime-generator is already installed (current version is
       1.1.1).
[1;34m[NOTE][0m Package coq-tactician-stdlib is already installed (current version is
       8.16.dev).
[31m[ERROR][0m The compilation of coq-mathcomp-apery.1.0.2 failed at "make -j55".
[31m[ERROR][0m The compilation of coq-prosa.0.5 failed at "make -j55".

[31m#===[0m [01mERROR[0m [01mwhile compiling coq-prosa.0.5[0m [31m======================================#[0m
[33m#[0m [33mcontext[0m     2.1.2 | linux/x86_64 |  | https://coq.inria.fr/opam/released#2023-01-26 08:00
[33m#[0m [33mpath[0m        /lscratch/blaaulas/tactician.tmp.X0x2DD/opam-root/bench/.opam-switch/build/coq-prosa.0.5
[33m#[0m [33mcommand[0m     /lscratch/blaaulas/tactician.tmp.X0x2DD/opam-root/bench/bin/tactician exec -- make -j55
[33m#[0m [33mexit-code[0m   2
[33m#[0m [33menv-file[0m    /tmp/opam-xxx-54466/coq-prosa-54466-1e335e.env
[33m#[0m [33moutput-file[0m /tmp/opam-xxx-54466/coq-prosa-54466-1e335e.out
[33m### output ###
[0m[33m# [0m[...]
[33m# [0mFile "./util/nondecreasing.v", line 837, characters 8-65:
[33m# [0mWarning:
[33m# [0mTactician detected a printing/parsing problem for the following tactic. destruct xs as [| x3 xs], ys as [| y3 ys] Please report.
[33m# [0mCOQC util/all.v
[33m# [0mFile "./model/priority/gel.v", line 4, characters 0-34:
[33m# [0mError: Required library ssrZ matches several files in path (found
[33m# [0m/lscratch/blaaulas/tactician.tmp.X0x2DD/opam-root/bench/lib/coq/user-contrib/mathcomp/word/ssrZ.vo and
[33m# [0m/lscratch/blaaulas/tactician.tmp.X0x2DD/opam-root/bench/lib/coq/user-contrib/mathcomp/zify/ssrZ.vo).
[33m# [0m
[33m# [0mmake[1]: *** [model/priority/gel.vo] Error 1
[33m# [0mmake[1]: *** Waiting for unfinished jobs....
[33m# [0mmake: *** [all] Error 2


[31m#===[0m [01mERROR[0m [01mwhile compiling coq-mathcomp-apery.1.0.2[0m [31m===========================#[0m
[33m#[0m [33mcontext[0m     2.1.2 | linux/x86_64 |  | https://coq.inria.fr/opam/released#2023-01-26 08:00
[33m#[0m [33mpath[0m        /lscratch/blaaulas/tactician.tmp.X0x2DD/opam-root/bench/.opam-switch/build/coq-mathcomp-apery.1.0.2
[33m#[0m [33mcommand[0m     /lscratch/blaaulas/tactician.tmp.X0x2DD/opam-root/bench/bin/tactician exec -- make -j55
[33m#[0m [33mexit-code[0m   2
[33m#[0m [33menv-file[0m    /tmp/opam-xxx-54466/coq-mathcomp-apery-54466-3065be.env
[33m#[0m [33moutput-file[0m /tmp/opam-xxx-54466/coq-mathcomp-apery-54466-3065be.out
[33m### output ###
[0m[33m# [0m[...]
[33m# [0msuff {P}->: (('C[l])%:R * p%:R = ('C[tmap_val tl])%:R * monomial [seq i%:R | i <- l] (tmap_val tl) :> int)%R
[33m# [0mFile "./theories/multinomial.v", line 245, characters 4-70:
[33m# [0mWarning:
[33m# [0mTactician has uncovered a bug in a tactic. Please report. 
[33m# [0msuff ->: zip [seq i%:R | i <- l] l = map (fun i => (Posz i, i)) l
[33m# [0mFile "./theories/bigopz.v", line 240, characters 0-79:
[33m# [0mWarning:
[33m# [0mTactician has uncovered a bug in a tactic. Please report. 
[33m# [0msuff ->: index_iotaz (m + a) n = map (fun i => i + a) (index_iotaz m (n - a))
[33m# [0mmake[1]: *** [all] Error 2
[33m# [0mmake[1]: Leaving directory `/lscratch/blaaulas/tactician.tmp.X0x2DD/opam-root/bench/.opam-switch/build/coq-mathcomp-apery.1.0.2'
[33m# [0mmake: *** [all] Error 2

2023-01-27 04:50:19.573135+01:00 Error Rpc_parallel: (monitor.ml.Error ("OpamStd.OpamSys.Exit(31)")
  ("Raised at Base__Result.ok_exn in file \"src/result.ml\", line 201, characters 17-26"
    "Called from Async_kernel__Deferred1.M.map.(fun) in file \"src/deferred1.ml\", line 17, characters 40-45"
    "Called from Async_kernel__Job_queue.run_jobs in file \"src/job_queue.ml\", line 167, characters 6-47")) ... Shutting down.
[1;34m[NOTE][0m Package coq-coqprime-generator is already installed (current version is
       1.1.1).
[1;34m[NOTE][0m Package coq-tactician-stdlib is already installed (current version is
       8.16.dev).
("Caml.exit raised"
 (Sys_error
  "rm -rf '/lscratch/blaaulas/tactician.tmp.ua7XjJ/opam-root/repo/coq-extra-dev': No child processes"))
tactician-benchmark: error: node-03: task 0: Exited with exit code 1
Abnormal exit code for build worker on host node-03.cluster. Code: 1