[NOTE] coq-wigderson.1.0 is not installed.

[NOTE] Package coq-tactician is already pinned to git+ssh://git@github.com/coq-tactician/coq-tactician#3fa66e2bbd10932dd9be63d7f219241e965d4fba (version dev).
[ERROR] The compilation of coq-wigderson.1.0 failed at "make -j15".

#=== ERROR while compiling coq-wigderson.1.0 ==================================#
# context              2.2.1 | linux/x86_64 |  | git+ssh://git@github.com/LasseBlaauwbroek/custom-archive.git
# path                 ~/Documents/Projects/Tactician/benchmark-system/tmp-scratch/opam-root/bench/.opam-switch/build/coq-wigderson.1.0
# command              ~/Documents/Projects/Tactician/benchmark-system/tmp-scratch/opam-root/bench/bin/tactician exec -- make -j15
# exit-code            2
# env-file             ~/Documents/Projects/Tactician/benchmark-system/tmp-scratch/opam-root/log/coq-wigderson-112758-c20123.env
# output-file          ~/Documents/Projects/Tactician/benchmark-system/tmp-scratch/opam-root/log/coq-wigderson-112758-c20123.out
### output ###
# [...]
# *** Warning: in file coloring.v, library Hammer is required from root Hammer and has not been found in the loadpath!
# *** Warning: in file wigderson.v, library Hammer is required from root Hammer and has not been found in the loadpath!
# COQC graph.v
# File "./graph.v", line 7, characters 0-34:
# Error: Cannot find a physical path bound to logical path
# Hammer with prefix Hammer.
# 
# make[2]: *** [Makefile.coq:830: graph.vo] Error 1
# make[2]: *** [graph.vo] Deleting file 'graph.glob'
# make[1]: *** [Makefile.coq:409: all] Error 2
# make[1]: Leaving directory '/home/lasse/Documents/Projects/Tactician/benchmark-system/tmp-scratch/opam-root/bench/.opam-switch/build/coq-wigderson.1.0'
# make: *** [Makefile:2: all] Error 2

2024-11-01 19:40:09.546545+01:00 Error Rpc_parallel: (monitor.ml.Error ("OpamStd.OpamSys.Exit(31)")
  ("Raised at Base__Result.ok_exn in file \"src/result.ml\", line 251, characters 17-26"
    "Called from Async_kernel__Deferred1.M.map.(fun) in file \"src/deferred1.ml\", line 17, characters 40-45"
    "Called from Async_kernel__Job_queue.run_jobs in file \"src/job_queue.ml\", line 180, characters 6-47")) ... Shutting down.
Abnormal exit code for build worker on host lasse-work. Code: 254